<?xml version="1.0" encoding="UTF-8"?>
<!-- Generated by org.testng.reporters.JUnitXMLReporter -->
<testsuite ignored="0" hostname="DESKTOP-2H0BP27" failures="0" tests="3" name="Default test" time="0.06" errors="0" timestamp="2024-11-02T12:56:40 IST">
  <testcase classname="com.dryrun.base.NewTest" name="Test1" time="0.006"/>
  <testcase classname="com.dryrun.base.NewTest" name="Test2" time="0.001"/>
  <testcase classname="com.dryrun.base.NewTest" name="Test3" time="0.001"/>
</testsuite> <!-- Default test -->
