<?xml version="1.0" encoding="UTF-8"?>
<!-- Generated by org.testng.reporters.JUnitXMLReporter -->
<testsuite ignored="0" hostname="DESKTOP-QTB4BMV" failures="0" tests="11" name="ChromeTest" time="43.415" errors="0" timestamp="2024-11-11T17:50:30 IST">
  <testcase classname="com.dryrun.testcases.LoginPageTest" name="verifyAIroastamaniLogo" time="0.672"/>
  <testcase classname="com.dryrun.testcases.LoginPageTest" name="verifyTitle" time="0.018"/>
  <testcase classname="com.dryrun.testcases.LoginPageTest" name="verifyemailtext" time="0.065"/>
  <testcase classname="com.dryrun.testcases.LoginPageTest" name="verifypasswordtext" time="0.072"/>
  <testcase classname="com.dryrun.testcases.LoginPageTest" name="verifyusrnameRequiredtext" time="0.869"/>
  <testcase classname="com.dryrun.testcases.LoginPageTest" name="verifypasswordRequiredtext" time="0.331"/>
  <testcase classname="com.dryrun.testcases.LoginPageTest" name="verifyusernamenotvalidtext" time="2.63"/>
  <testcase classname="com.dryrun.testcases.LoginPageTest" name="verifyInvalidUserandPwdtext" time="6.15"/>
  <testcase classname="com.dryrun.testcases.LoginPageTest" name="verifyInvalidUserandPwdtext" time="6.23"/>
  <testcase classname="com.dryrun.testcases.LoginPageTest" name="verifyInvalidUserandPwdtext" time="6.285"/>
  <testcase classname="com.dryrun.testcases.LoginPageTest" name="verifyLoginsuccess" time="6.849"/>
</testsuite> <!-- ChromeTest -->
