<?xml version="1.0" encoding="UTF-8"?>
<!-- Generated by org.testng.reporters.JUnitXMLReporter -->
<testsuite ignored="51" hostname="DESKTOP-QTB4BMV" failures="0" tests="0" name="IETest" time="16.575" errors="0" timestamp="2024-11-11T17:56:25 IST">
  <testcase classname="com.dryrun.testcases.HomePageTest" name="verifyRailRuleSidemenu" time="0.0">
    <ignored/>
  </testcase> <!-- verifyRailRuleSidemenu -->
  <testcase classname="com.dryrun.testcases.HomePageTest" name="verifyUserBranchSearchSidemenu" time="0.0">
    <ignored/>
  </testcase> <!-- verifyUserBranchSearchSidemenu -->
  <testcase classname="com.dryrun.testcases.HomePageTest" name="verifyMasterMngmtSidemenu" time="0.0">
    <ignored/>
  </testcase> <!-- verifyMasterMngmtSidemenu -->
  <testcase classname="com.dryrun.testcases.HomePageTest" name="verifyTransferTmpltSidemenu" time="0.0">
    <ignored/>
  </testcase> <!-- verifyTransferTmpltSidemenu -->
  <testcase classname="com.dryrun.testcases.HomePageTest" name="verifyAirPortSidemenu" time="0.0">
    <ignored/>
  </testcase> <!-- verifyAirPortSidemenu -->
  <testcase classname="com.dryrun.testcases.HomePageTest" name="verifyRailPAssTmpltSidemenu" time="0.0">
    <ignored/>
  </testcase> <!-- verifyRailPAssTmpltSidemenu -->
  <testcase classname="com.dryrun.testcases.HomePageTest" name="verifyCategoryMstrSidemenu" time="0.0">
    <ignored/>
  </testcase> <!-- verifyCategoryMstrSidemenu -->
  <testcase classname="com.dryrun.testcases.HomePageTest" name="verifyNewsLetterSidemenu" time="0.0">
    <ignored/>
  </testcase> <!-- verifyNewsLetterSidemenu -->
  <testcase classname="com.dryrun.testcases.HomePageTest" name="verifyOrganizationInfoSidemenu" time="0.0">
    <ignored/>
  </testcase> <!-- verifyOrganizationInfoSidemenu -->
  <testcase classname="com.dryrun.testcases.HomePageTest" name="verifyAirLinecommSidemenu" time="0.0">
    <ignored/>
  </testcase> <!-- verifyAirLinecommSidemenu -->
  <testcase classname="com.dryrun.testcases.HomePageTest" name="verifyOrganizationSidemenu" time="0.0">
    <ignored/>
  </testcase> <!-- verifyOrganizationSidemenu -->
  <testcase classname="com.dryrun.testcases.HomePageTest" name="verifyBranchListSidemenu" time="0.0">
    <ignored/>
  </testcase> <!-- verifyBranchListSidemenu -->
  <testcase classname="com.dryrun.testcases.HomePageTest" name="verifyRailTempltSidemenu" time="0.0">
    <ignored/>
  </testcase> <!-- verifyRailTempltSidemenu -->
  <testcase classname="com.dryrun.testcases.HomePageTest" name="verifyRailPAssRuleSidemenu" time="0.0">
    <ignored/>
  </testcase> <!-- verifyRailPAssRuleSidemenu -->
  <testcase classname="com.dryrun.testcases.HomePageTest" name="verifyHotelTmpltSidemenu" time="0.0">
    <ignored/>
  </testcase> <!-- verifyHotelTmpltSidemenu -->
  <testcase classname="com.dryrun.testcases.HomePageTest" name="verifyCompExcelUploadSidemenu" time="0.0">
    <ignored/>
  </testcase> <!-- verifyCompExcelUploadSidemenu -->
  <testcase classname="com.dryrun.testcases.HomePageTest" name="verifyCorpCatMstrSidemenu" time="0.0">
    <ignored/>
  </testcase> <!-- verifyCorpCatMstrSidemenu -->
  <testcase classname="com.dryrun.testcases.HomePageTest" name="verifyTaxMasterSidemenu" time="0.0">
    <ignored/>
  </testcase> <!-- verifyTaxMasterSidemenu -->
  <testcase classname="com.dryrun.testcases.HomePageTest" name="verifyTransferRuleSidemenu" time="0.0">
    <ignored/>
  </testcase> <!-- verifyTransferRuleSidemenu -->
  <testcase classname="com.dryrun.testcases.HomePageTest" name="verifyBrandMasterSidemenu" time="0.0">
    <ignored/>
  </testcase> <!-- verifyBrandMasterSidemenu -->
  <testcase classname="com.dryrun.testcases.HomePageTest" name="verifyServiceChargeSidemenu" time="0.0">
    <ignored/>
  </testcase> <!-- verifyServiceChargeSidemenu -->
  <testcase classname="com.dryrun.testcases.HomePageTest" name="verifyCompanySidemenu" time="0.0">
    <ignored/>
  </testcase> <!-- verifyCompanySidemenu -->
  <testcase classname="com.dryrun.testcases.HomePageTest" name="verifyRoleMngmtSidemenu" time="0.0">
    <ignored/>
  </testcase> <!-- verifyRoleMngmtSidemenu -->
  <testcase classname="com.dryrun.testcases.HomePageTest" name="verifyDealCodesSidemenu" time="0.0">
    <ignored/>
  </testcase> <!-- verifyDealCodesSidemenu -->
  <testcase classname="com.dryrun.testcases.HomePageTest" name="verifyRoleProgramsSidemenu" time="0.0">
    <ignored/>
  </testcase> <!-- verifyRoleProgramsSidemenu -->
  <testcase classname="com.dryrun.testcases.HomePageTest" name="verifyInsuranceRuleSidemenu" time="0.0">
    <ignored/>
  </testcase> <!-- verifyInsuranceRuleSidemenu -->
  <testcase classname="com.dryrun.testcases.HomePageTest" name="verifyRegisteredUsrSidemenu" time="0.0">
    <ignored/>
  </testcase> <!-- verifyRegisteredUsrSidemenu -->
  <testcase classname="com.dryrun.testcases.HomePageTest" name="verifyCompanyListSidemenu" time="0.0">
    <ignored/>
  </testcase> <!-- verifyCompanyListSidemenu -->
  <testcase classname="com.dryrun.testcases.HomePageTest" name="verifyHotelRuleSidemenu" time="0.0">
    <ignored/>
  </testcase> <!-- verifyHotelRuleSidemenu -->
  <testcase classname="com.dryrun.testcases.HomePageTest" name="verifyPromoCodeSidemenu" time="0.0">
    <ignored/>
  </testcase> <!-- verifyPromoCodeSidemenu -->
  <testcase classname="com.dryrun.testcases.HomePageTest" name="verifyPaymentApprovalSidemenu" time="0.0">
    <ignored/>
  </testcase> <!-- verifyPaymentApprovalSidemenu -->
  <testcase classname="com.dryrun.testcases.HomePageTest" name="verifyclickLogout" time="0.0">
    <ignored/>
  </testcase> <!-- verifyclickLogout -->
  <testcase classname="com.dryrun.testcases.HomePageTest" name="verifyProviderMngmtSidemenu" time="0.0">
    <ignored/>
  </testcase> <!-- verifyProviderMngmtSidemenu -->
  <testcase classname="com.dryrun.testcases.HomePageTest" name="verifyCurrencyMngmtSidemenu" time="0.0">
    <ignored/>
  </testcase> <!-- verifyCurrencyMngmtSidemenu -->
  <testcase classname="com.dryrun.testcases.HomePageTest" name="verifyInsuranceTmpltSidemenu" time="0.0">
    <ignored/>
  </testcase> <!-- verifyInsuranceTmpltSidemenu -->
  <testcase classname="com.dryrun.testcases.HomePageTest" name="verifyCompChnlMstrSidemenu" time="0.0">
    <ignored/>
  </testcase> <!-- verifyCompChnlMstrSidemenu -->
  <testcase classname="com.dryrun.testcases.HomePageTest" name="verifyFlightRuleSidemenu" time="0.0">
    <ignored/>
  </testcase> <!-- verifyFlightRuleSidemenu -->
  <testcase classname="com.dryrun.testcases.HomePageTest" name="verifyPaymentSidemenu" time="0.0">
    <ignored/>
  </testcase> <!-- verifyPaymentSidemenu -->
  <testcase classname="com.dryrun.testcases.HomePageTest" name="verifyCostCntrMstrSidemenu" time="0.0">
    <ignored/>
  </testcase> <!-- verifyCostCntrMstrSidemenu -->
  <testcase classname="com.dryrun.testcases.HomePageTest" name="verifyGuestUsrTransSidemenu" time="0.0">
    <ignored/>
  </testcase> <!-- verifyGuestUsrTransSidemenu -->
  <testcase classname="com.dryrun.testcases.HomePageTest" name="verifyCopanySearchSidemenu" time="0.0">
    <ignored/>
  </testcase> <!-- verifyCopanySearchSidemenu -->
  <testcase classname="com.dryrun.testcases.HomePageTest" name="verifyMailConfigSidemenu" time="0.0">
    <ignored/>
  </testcase> <!-- verifyMailConfigSidemenu -->
  <testcase classname="com.dryrun.testcases.HomePageTest" name="verifyAirLineSidemenu" time="0.0">
    <ignored/>
  </testcase> <!-- verifyAirLineSidemenu -->
  <testcase classname="com.dryrun.testcases.HomePageTest" name="verifyRoeMarginSidemenu" time="0.0">
    <ignored/>
  </testcase> <!-- verifyRoeMarginSidemenu -->
  <testcase classname="com.dryrun.testcases.HomePageTest" name="verifyFlightTmpltSidemenu" time="0.0">
    <ignored/>
  </testcase> <!-- verifyFlightTmpltSidemenu -->
  <testcase classname="com.dryrun.testcases.HomePageTest" name="verifyDocControlSidemenu" time="0.0">
    <ignored/>
  </testcase> <!-- verifyDocControlSidemenu -->
  <testcase classname="com.dryrun.testcases.HomePageTest" name="verifyCustGrpMstrSidemenu" time="0.0">
    <ignored/>
  </testcase> <!-- verifyCustGrpMstrSidemenu -->
  <testcase classname="com.dryrun.testcases.HomePageTest" name="verifyProviderSetupSidemenu" time="0.0">
    <ignored/>
  </testcase> <!-- verifyProviderSetupSidemenu -->
  <testcase classname="com.dryrun.testcases.HomePageTest" name="verifyReportsSidemenu" time="0.0">
    <ignored/>
  </testcase> <!-- verifyReportsSidemenu -->
  <testcase classname="com.dryrun.testcases.HomePageTest" name="verifyRoleCreationSidemenu" time="0.0">
    <ignored/>
  </testcase> <!-- verifyRoleCreationSidemenu -->
  <testcase classname="com.dryrun.testcases.HomePageTest" name="verifyCurrencyConvSidemenu" time="0.0">
    <ignored/>
  </testcase> <!-- verifyCurrencyConvSidemenu -->
</testsuite> <!-- IETest -->
