<?xml version="1.0" encoding="UTF-8"?>
<testng-results ignored="0" total="64" passed="63" failed="1" skipped="0">
  <reporter-output>
  </reporter-output>
  <suite started-at="2024-11-11T22:10:56 IST" name="Suite" finished-at="2024-11-11T22:16:47 IST" duration-ms="350898">
    <groups>
      <group name="Sanity">
        <method signature="LoginPageTest.verifyemailtext()[pri:2, instance:com.dryrun.testcases.LoginPageTest@68267da0]" name="verifyemailtext" class="com.dryrun.testcases.LoginPageTest"/>
        <method signature="LoginPageTest.verifypasswordtext()[pri:3, instance:com.dryrun.testcases.LoginPageTest@68267da0]" name="verifypasswordtext" class="com.dryrun.testcases.LoginPageTest"/>
        <method signature="LoginPageTest.verifyusrnameRequiredtext()[pri:4, instance:com.dryrun.testcases.LoginPageTest@68267da0]" name="verifyusrnameRequiredtext" class="com.dryrun.testcases.LoginPageTest"/>
        <method signature="LoginPageTest.verifypasswordRequiredtext()[pri:5, instance:com.dryrun.testcases.LoginPageTest@68267da0]" name="verifypasswordRequiredtext" class="com.dryrun.testcases.LoginPageTest"/>
        <method signature="LoginPageTest.verifyusernamenotvalidtext(java.util.HashMap)[pri:6, instance:com.dryrun.testcases.LoginPageTest@68267da0]" name="verifyusernamenotvalidtext" class="com.dryrun.testcases.LoginPageTest"/>
        <method signature="LoginPageTest.verifyInvalidUserandPwdtext(java.util.HashMap)[pri:7, instance:com.dryrun.testcases.LoginPageTest@68267da0]" name="verifyInvalidUserandPwdtext" class="com.dryrun.testcases.LoginPageTest"/>
        <method signature="LoginPageTest.verifyLoginsuccess(java.util.HashMap)[pri:8, instance:com.dryrun.testcases.LoginPageTest@68267da0]" name="verifyLoginsuccess" class="com.dryrun.testcases.LoginPageTest"/>
      </group> <!-- Sanity -->
      <group name="Regression">
        <method signature="LoginPageTest.verifyAIroastamaniLogo()[pri:0, instance:com.dryrun.testcases.LoginPageTest@68267da0]" name="verifyAIroastamaniLogo" class="com.dryrun.testcases.LoginPageTest"/>
        <method signature="LoginPageTest.verifyemailtext()[pri:2, instance:com.dryrun.testcases.LoginPageTest@68267da0]" name="verifyemailtext" class="com.dryrun.testcases.LoginPageTest"/>
        <method signature="LoginPageTest.verifyusrnameRequiredtext()[pri:4, instance:com.dryrun.testcases.LoginPageTest@68267da0]" name="verifyusrnameRequiredtext" class="com.dryrun.testcases.LoginPageTest"/>
        <method signature="LoginPageTest.verifypasswordRequiredtext()[pri:5, instance:com.dryrun.testcases.LoginPageTest@68267da0]" name="verifypasswordRequiredtext" class="com.dryrun.testcases.LoginPageTest"/>
        <method signature="LoginPageTest.verifyInvalidUserandPwdtext(java.util.HashMap)[pri:7, instance:com.dryrun.testcases.LoginPageTest@68267da0]" name="verifyInvalidUserandPwdtext" class="com.dryrun.testcases.LoginPageTest"/>
      </group> <!-- Regression -->
      <group name="Smoke">
        <method signature="HomePageTest.verifyUsernameText(java.util.HashMap)[pri:0, instance:com.dryrun.testcases.HomePageTest@548e6d58]" name="verifyUsernameText" class="com.dryrun.testcases.HomePageTest"/>
        <method signature="HomePageTest.verifyOrgDetailsText()[pri:1, instance:com.dryrun.testcases.HomePageTest@548e6d58]" name="verifyOrgDetailsText" class="com.dryrun.testcases.HomePageTest"/>
        <method signature="LoginPageTest.verifyTitle()[pri:1, instance:com.dryrun.testcases.LoginPageTest@68267da0]" name="verifyTitle" class="com.dryrun.testcases.LoginPageTest"/>
        <method signature="HomePageTest.verifyOrganizationSidemenu()[pri:2, instance:com.dryrun.testcases.HomePageTest@548e6d58]" name="verifyOrganizationSidemenu" class="com.dryrun.testcases.HomePageTest"/>
        <method signature="HomePageTest.verifyOrganizationInfoSidemenu()[pri:3, instance:com.dryrun.testcases.HomePageTest@548e6d58]" name="verifyOrganizationInfoSidemenu" class="com.dryrun.testcases.HomePageTest"/>
        <method signature="LoginPageTest.verifypasswordtext()[pri:3, instance:com.dryrun.testcases.LoginPageTest@68267da0]" name="verifypasswordtext" class="com.dryrun.testcases.LoginPageTest"/>
        <method signature="HomePageTest.verifyDocControlSidemenu()[pri:4, instance:com.dryrun.testcases.HomePageTest@548e6d58]" name="verifyDocControlSidemenu" class="com.dryrun.testcases.HomePageTest"/>
        <method signature="HomePageTest.verifyTaxMasterSidemenu()[pri:5, instance:com.dryrun.testcases.HomePageTest@548e6d58]" name="verifyTaxMasterSidemenu" class="com.dryrun.testcases.HomePageTest"/>
        <method signature="HomePageTest.verifyBrandMasterSidemenu()[pri:6, instance:com.dryrun.testcases.HomePageTest@548e6d58]" name="verifyBrandMasterSidemenu" class="com.dryrun.testcases.HomePageTest"/>
        <method signature="LoginPageTest.verifyusernamenotvalidtext(java.util.HashMap)[pri:6, instance:com.dryrun.testcases.LoginPageTest@68267da0]" name="verifyusernamenotvalidtext" class="com.dryrun.testcases.LoginPageTest"/>
        <method signature="HomePageTest.verifyMailConfigSidemenu()[pri:7, instance:com.dryrun.testcases.HomePageTest@548e6d58]" name="verifyMailConfigSidemenu" class="com.dryrun.testcases.HomePageTest"/>
        <method signature="HomePageTest.verifyMasterMngmtSidemenu()[pri:8, instance:com.dryrun.testcases.HomePageTest@548e6d58]" name="verifyMasterMngmtSidemenu" class="com.dryrun.testcases.HomePageTest"/>
        <method signature="LoginPageTest.verifyLoginsuccess(java.util.HashMap)[pri:8, instance:com.dryrun.testcases.LoginPageTest@68267da0]" name="verifyLoginsuccess" class="com.dryrun.testcases.LoginPageTest"/>
        <method signature="HomePageTest.verifyAirLineSidemenu()[pri:9, instance:com.dryrun.testcases.HomePageTest@548e6d58]" name="verifyAirLineSidemenu" class="com.dryrun.testcases.HomePageTest"/>
        <method signature="HomePageTest.verifyAirPortSidemenu()[pri:10, instance:com.dryrun.testcases.HomePageTest@548e6d58]" name="verifyAirPortSidemenu" class="com.dryrun.testcases.HomePageTest"/>
        <method signature="HomePageTest.verifyPromoCodeSidemenu()[pri:11, instance:com.dryrun.testcases.HomePageTest@548e6d58]" name="verifyPromoCodeSidemenu" class="com.dryrun.testcases.HomePageTest"/>
        <method signature="HomePageTest.verifyAirLinecommSidemenu()[pri:12, instance:com.dryrun.testcases.HomePageTest@548e6d58]" name="verifyAirLinecommSidemenu" class="com.dryrun.testcases.HomePageTest"/>
        <method signature="HomePageTest.verifyDealCodesSidemenu()[pri:13, instance:com.dryrun.testcases.HomePageTest@548e6d58]" name="verifyDealCodesSidemenu" class="com.dryrun.testcases.HomePageTest"/>
        <method signature="HomePageTest.verifyCorpCatMstrSidemenu()[pri:14, instance:com.dryrun.testcases.HomePageTest@548e6d58]" name="verifyCorpCatMstrSidemenu" class="com.dryrun.testcases.HomePageTest"/>
        <method signature="HomePageTest.verifyCustGrpMstrSidemenu()[pri:15, instance:com.dryrun.testcases.HomePageTest@548e6d58]" name="verifyCustGrpMstrSidemenu" class="com.dryrun.testcases.HomePageTest"/>
        <method signature="HomePageTest.verifyCompChnlMstrSidemenu()[pri:16, instance:com.dryrun.testcases.HomePageTest@548e6d58]" name="verifyCompChnlMstrSidemenu" class="com.dryrun.testcases.HomePageTest"/>
        <method signature="HomePageTest.verifyCostCntrMstrSidemenu()[pri:17, instance:com.dryrun.testcases.HomePageTest@548e6d58]" name="verifyCostCntrMstrSidemenu" class="com.dryrun.testcases.HomePageTest"/>
        <method signature="HomePageTest.verifyRoleMngmtSidemenu()[pri:18, instance:com.dryrun.testcases.HomePageTest@548e6d58]" name="verifyRoleMngmtSidemenu" class="com.dryrun.testcases.HomePageTest"/>
        <method signature="HomePageTest.verifyRoleCreationSidemenu()[pri:19, instance:com.dryrun.testcases.HomePageTest@548e6d58]" name="verifyRoleCreationSidemenu" class="com.dryrun.testcases.HomePageTest"/>
        <method signature="HomePageTest.verifyRoleProgramsSidemenu()[pri:20, instance:com.dryrun.testcases.HomePageTest@548e6d58]" name="verifyRoleProgramsSidemenu" class="com.dryrun.testcases.HomePageTest"/>
        <method signature="HomePageTest.verifyProviderMngmtSidemenu()[pri:21, instance:com.dryrun.testcases.HomePageTest@548e6d58]" name="verifyProviderMngmtSidemenu" class="com.dryrun.testcases.HomePageTest"/>
        <method signature="HomePageTest.verifyProviderSetupSidemenu()[pri:22, instance:com.dryrun.testcases.HomePageTest@548e6d58]" name="verifyProviderSetupSidemenu" class="com.dryrun.testcases.HomePageTest"/>
        <method signature="HomePageTest.verifyServiceChargeSidemenu()[pri:23, instance:com.dryrun.testcases.HomePageTest@548e6d58]" name="verifyServiceChargeSidemenu" class="com.dryrun.testcases.HomePageTest"/>
        <method signature="HomePageTest.verifyFlightRuleSidemenu()[pri:24, instance:com.dryrun.testcases.HomePageTest@548e6d58]" name="verifyFlightRuleSidemenu" class="com.dryrun.testcases.HomePageTest"/>
        <method signature="HomePageTest.verifyFlightTmpltSidemenu()[pri:25, instance:com.dryrun.testcases.HomePageTest@548e6d58]" name="verifyFlightTmpltSidemenu" class="com.dryrun.testcases.HomePageTest"/>
        <method signature="HomePageTest.verifyHotelRuleSidemenu()[pri:26, instance:com.dryrun.testcases.HomePageTest@548e6d58]" name="verifyHotelRuleSidemenu" class="com.dryrun.testcases.HomePageTest"/>
        <method signature="HomePageTest.verifyHotelTmpltSidemenu()[pri:27, instance:com.dryrun.testcases.HomePageTest@548e6d58]" name="verifyHotelTmpltSidemenu" class="com.dryrun.testcases.HomePageTest"/>
        <method signature="HomePageTest.verifyInsuranceRuleSidemenu()[pri:28, instance:com.dryrun.testcases.HomePageTest@548e6d58]" name="verifyInsuranceRuleSidemenu" class="com.dryrun.testcases.HomePageTest"/>
        <method signature="HomePageTest.verifyInsuranceTmpltSidemenu()[pri:29, instance:com.dryrun.testcases.HomePageTest@548e6d58]" name="verifyInsuranceTmpltSidemenu" class="com.dryrun.testcases.HomePageTest"/>
        <method signature="HomePageTest.verifyRailRuleSidemenu()[pri:30, instance:com.dryrun.testcases.HomePageTest@548e6d58]" name="verifyRailRuleSidemenu" class="com.dryrun.testcases.HomePageTest"/>
        <method signature="HomePageTest.verifyRailTempltSidemenu()[pri:31, instance:com.dryrun.testcases.HomePageTest@548e6d58]" name="verifyRailTempltSidemenu" class="com.dryrun.testcases.HomePageTest"/>
        <method signature="HomePageTest.verifyTransferRuleSidemenu()[pri:32, instance:com.dryrun.testcases.HomePageTest@548e6d58]" name="verifyTransferRuleSidemenu" class="com.dryrun.testcases.HomePageTest"/>
        <method signature="HomePageTest.verifyTransferTmpltSidemenu()[pri:33, instance:com.dryrun.testcases.HomePageTest@548e6d58]" name="verifyTransferTmpltSidemenu" class="com.dryrun.testcases.HomePageTest"/>
        <method signature="HomePageTest.verifyRailPAssRuleSidemenu()[pri:34, instance:com.dryrun.testcases.HomePageTest@548e6d58]" name="verifyRailPAssRuleSidemenu" class="com.dryrun.testcases.HomePageTest"/>
        <method signature="HomePageTest.verifyRailPAssTmpltSidemenu()[pri:35, instance:com.dryrun.testcases.HomePageTest@548e6d58]" name="verifyRailPAssTmpltSidemenu" class="com.dryrun.testcases.HomePageTest"/>
        <method signature="HomePageTest.verifyCompanySidemenu()[pri:36, instance:com.dryrun.testcases.HomePageTest@548e6d58]" name="verifyCompanySidemenu" class="com.dryrun.testcases.HomePageTest"/>
        <method signature="HomePageTest.verifyCompanyListSidemenu()[pri:37, instance:com.dryrun.testcases.HomePageTest@548e6d58]" name="verifyCompanyListSidemenu" class="com.dryrun.testcases.HomePageTest"/>
        <method signature="HomePageTest.verifyBranchListSidemenu()[pri:38, instance:com.dryrun.testcases.HomePageTest@548e6d58]" name="verifyBranchListSidemenu" class="com.dryrun.testcases.HomePageTest"/>
        <method signature="HomePageTest.verifyCopanySearchSidemenu()[pri:39, instance:com.dryrun.testcases.HomePageTest@548e6d58]" name="verifyCopanySearchSidemenu" class="com.dryrun.testcases.HomePageTest"/>
        <method signature="HomePageTest.verifyUserBranchSearchSidemenu()[pri:40, instance:com.dryrun.testcases.HomePageTest@548e6d58]" name="verifyUserBranchSearchSidemenu" class="com.dryrun.testcases.HomePageTest"/>
        <method signature="HomePageTest.verifyCompExcelUploadSidemenu()[pri:41, instance:com.dryrun.testcases.HomePageTest@548e6d58]" name="verifyCompExcelUploadSidemenu" class="com.dryrun.testcases.HomePageTest"/>
        <method signature="HomePageTest.verifyPaymentApprovalSidemenu()[pri:42, instance:com.dryrun.testcases.HomePageTest@548e6d58]" name="verifyPaymentApprovalSidemenu" class="com.dryrun.testcases.HomePageTest"/>
        <method signature="HomePageTest.verifyPaymentSidemenu()[pri:43, instance:com.dryrun.testcases.HomePageTest@548e6d58]" name="verifyPaymentSidemenu" class="com.dryrun.testcases.HomePageTest"/>
        <method signature="HomePageTest.verifyReportsSidemenu()[pri:44, instance:com.dryrun.testcases.HomePageTest@548e6d58]" name="verifyReportsSidemenu" class="com.dryrun.testcases.HomePageTest"/>
        <method signature="HomePageTest.verifyRegisteredUsrSidemenu()[pri:45, instance:com.dryrun.testcases.HomePageTest@548e6d58]" name="verifyRegisteredUsrSidemenu" class="com.dryrun.testcases.HomePageTest"/>
        <method signature="HomePageTest.verifyGuestUsrTransSidemenu()[pri:46, instance:com.dryrun.testcases.HomePageTest@548e6d58]" name="verifyGuestUsrTransSidemenu" class="com.dryrun.testcases.HomePageTest"/>
        <method signature="HomePageTest.verifyNewsLetterSidemenu()[pri:47, instance:com.dryrun.testcases.HomePageTest@548e6d58]" name="verifyNewsLetterSidemenu" class="com.dryrun.testcases.HomePageTest"/>
        <method signature="HomePageTest.verifyCurrencyMngmtSidemenu()[pri:48, instance:com.dryrun.testcases.HomePageTest@548e6d58]" name="verifyCurrencyMngmtSidemenu" class="com.dryrun.testcases.HomePageTest"/>
        <method signature="HomePageTest.verifyCurrencyConvSidemenu()[pri:49, instance:com.dryrun.testcases.HomePageTest@548e6d58]" name="verifyCurrencyConvSidemenu" class="com.dryrun.testcases.HomePageTest"/>
        <method signature="HomePageTest.verifyRoeMarginSidemenu()[pri:50, instance:com.dryrun.testcases.HomePageTest@548e6d58]" name="verifyRoeMarginSidemenu" class="com.dryrun.testcases.HomePageTest"/>
        <method signature="HomePageTest.verifyCategoryMstrSidemenu()[pri:51, instance:com.dryrun.testcases.HomePageTest@548e6d58]" name="verifyCategoryMstrSidemenu" class="com.dryrun.testcases.HomePageTest"/>
        <method signature="HomePageTest.verifyclickLogout()[pri:52, instance:com.dryrun.testcases.HomePageTest@548e6d58]" name="verifyclickLogout" class="com.dryrun.testcases.HomePageTest"/>
      </group> <!-- Smoke -->
    </groups>
    <test started-at="2024-11-11T22:10:56 IST" name="Test_All" finished-at="2024-11-11T22:16:47 IST" duration-ms="350898">
      <class name="com.dryrun.testcases.LoginPageTest">
        <test-method is-config="true" signature="loadConfig()[pri:0, instance:com.dryrun.testcases.LoginPageTest@68267da0]" started-at="2024-11-11T22:10:56 IST" name="loadConfig" finished-at="2024-11-11T22:10:56 IST" duration-ms="639" status="PASS">
          <reporter-output>
          </reporter-output>
        </test-method> <!-- loadConfig -->
        <test-method is-config="true" signature="launchApp(java.lang.String)[pri:0, instance:com.dryrun.testcases.LoginPageTest@68267da0]" started-at="2024-11-11T22:10:56 IST" name="launchApp" finished-at="2024-11-11T22:11:07 IST" duration-ms="10423" status="PASS">
          <params>
            <param index="0">
              <value>
                <![CDATA[Chrome]]>
              </value>
            </param>
          </params>
          <reporter-output>
          </reporter-output>
        </test-method> <!-- launchApp -->
        <test-method signature="verifyAIroastamaniLogo()[pri:0, instance:com.dryrun.testcases.LoginPageTest@68267da0]" started-at="2024-11-11T22:11:07 IST" name="verifyAIroastamaniLogo" finished-at="2024-11-11T22:11:07 IST" duration-ms="435" status="PASS">
          <reporter-output>
          </reporter-output>
        </test-method> <!-- verifyAIroastamaniLogo -->
        <test-method signature="verifyTitle()[pri:1, instance:com.dryrun.testcases.LoginPageTest@68267da0]" started-at="2024-11-11T22:11:07 IST" name="verifyTitle" finished-at="2024-11-11T22:11:07 IST" duration-ms="28" status="PASS">
          <reporter-output>
          </reporter-output>
        </test-method> <!-- verifyTitle -->
        <test-method signature="verifyemailtext()[pri:2, instance:com.dryrun.testcases.LoginPageTest@68267da0]" started-at="2024-11-11T22:11:07 IST" name="verifyemailtext" finished-at="2024-11-11T22:11:08 IST" duration-ms="113" status="PASS">
          <reporter-output>
          </reporter-output>
        </test-method> <!-- verifyemailtext -->
        <test-method signature="verifypasswordtext()[pri:3, instance:com.dryrun.testcases.LoginPageTest@68267da0]" started-at="2024-11-11T22:11:08 IST" name="verifypasswordtext" finished-at="2024-11-11T22:11:08 IST" duration-ms="78" status="PASS">
          <reporter-output>
          </reporter-output>
        </test-method> <!-- verifypasswordtext -->
        <test-method signature="verifyusrnameRequiredtext()[pri:4, instance:com.dryrun.testcases.LoginPageTest@68267da0]" started-at="2024-11-11T22:11:08 IST" name="verifyusrnameRequiredtext" finished-at="2024-11-11T22:11:09 IST" duration-ms="1026" status="PASS">
          <reporter-output>
          </reporter-output>
        </test-method> <!-- verifyusrnameRequiredtext -->
        <test-method signature="verifypasswordRequiredtext()[pri:5, instance:com.dryrun.testcases.LoginPageTest@68267da0]" started-at="2024-11-11T22:11:09 IST" name="verifypasswordRequiredtext" finished-at="2024-11-11T22:11:09 IST" duration-ms="357" status="PASS">
          <reporter-output>
          </reporter-output>
        </test-method> <!-- verifypasswordRequiredtext -->
        <test-method signature="verifyusernamenotvalidtext(java.util.HashMap)[pri:6, instance:com.dryrun.testcases.LoginPageTest@68267da0]" started-at="2024-11-11T22:11:10 IST" name="verifyusernamenotvalidtext" data-provider="wrongUser" finished-at="2024-11-11T22:11:14 IST" duration-ms="3680" status="PASS">
          <params>
            <param index="0">
              <value>
                <![CDATA[{Username=admin, Password=123.0}]]>
              </value>
            </param>
          </params>
          <reporter-output>
          </reporter-output>
        </test-method> <!-- verifyusernamenotvalidtext -->
        <test-method signature="verifyInvalidUserandPwdtext(java.util.HashMap)[pri:7, instance:com.dryrun.testcases.LoginPageTest@68267da0]" started-at="2024-11-11T22:11:14 IST" name="verifyInvalidUserandPwdtext" data-provider="wrongUserandPwd" finished-at="2024-11-11T22:11:23 IST" duration-ms="8634" status="PASS">
          <params>
            <param index="0">
              <value>
                <![CDATA[{Username=admin@ad, Password=123.0}]]>
              </value>
            </param>
          </params>
          <reporter-output>
          </reporter-output>
        </test-method> <!-- verifyInvalidUserandPwdtext -->
        <test-method signature="verifyInvalidUserandPwdtext(java.util.HashMap)[pri:7, instance:com.dryrun.testcases.LoginPageTest@68267da0]" started-at="2024-11-11T22:11:23 IST" name="verifyInvalidUserandPwdtext" data-provider="wrongUserandPwd" finished-at="2024-11-11T22:11:32 IST" duration-ms="8901" status="PASS">
          <params>
            <param index="0">
              <value>
                <![CDATA[{Username=admin@adfsfsdf, Password=123.0}]]>
              </value>
            </param>
          </params>
          <reporter-output>
          </reporter-output>
        </test-method> <!-- verifyInvalidUserandPwdtext -->
        <test-method signature="verifyInvalidUserandPwdtext(java.util.HashMap)[pri:7, instance:com.dryrun.testcases.LoginPageTest@68267da0]" started-at="2024-11-11T22:11:32 IST" name="verifyInvalidUserandPwdtext" data-provider="wrongUserandPwd" finished-at="2024-11-11T22:11:41 IST" duration-ms="8871" status="PASS">
          <params>
            <param index="0">
              <value>
                <![CDATA[{Username=admin@ad123, Password=123.0}]]>
              </value>
            </param>
          </params>
          <reporter-output>
          </reporter-output>
        </test-method> <!-- verifyInvalidUserandPwdtext -->
        <test-method signature="verifyLoginsuccess(java.util.HashMap)[pri:8, instance:com.dryrun.testcases.LoginPageTest@68267da0]" started-at="2024-11-11T22:11:41 IST" name="verifyLoginsuccess" data-provider="validUserandPwd" finished-at="2024-11-11T22:11:50 IST" duration-ms="9474" status="PASS">
          <params>
            <param index="0">
              <value>
                <![CDATA[{Username=cjr@convergentechnologies.com, Password=Test@123}]]>
              </value>
            </param>
          </params>
          <reporter-output>
          </reporter-output>
        </test-method> <!-- verifyLoginsuccess -->
        <test-method is-config="true" signature="closeApp()[pri:0, instance:com.dryrun.testcases.LoginPageTest@68267da0]" started-at="2024-11-11T22:16:47 IST" name="closeApp" finished-at="2024-11-11T22:16:47 IST" duration-ms="314" status="PASS">
          <reporter-output>
          </reporter-output>
        </test-method> <!-- closeApp -->
        <test-method is-config="true" signature="afterSuite()[pri:0, instance:com.dryrun.testcases.LoginPageTest@68267da0]" started-at="2024-11-11T22:16:47 IST" name="afterSuite" finished-at="2024-11-11T22:16:48 IST" duration-ms="655" status="PASS">
          <reporter-output>
          </reporter-output>
        </test-method> <!-- afterSuite -->
      </class> <!-- com.dryrun.testcases.LoginPageTest -->
      <class name="com.dryrun.testcases.HomePageTest">
        <test-method signature="verifyUsernameText(java.util.HashMap)[pri:0, instance:com.dryrun.testcases.HomePageTest@548e6d58]" started-at="2024-11-11T22:11:50 IST" name="verifyUsernameText" data-provider="validUserandPwd" finished-at="2024-11-11T22:11:51 IST" duration-ms="333" status="PASS">
          <params>
            <param index="0">
              <value>
                <![CDATA[{Username=cjr@convergentechnologies.com, Password=Test@123}]]>
              </value>
            </param>
          </params>
          <reporter-output>
          </reporter-output>
        </test-method> <!-- verifyUsernameText -->
        <test-method signature="verifyOrgDetailsText()[pri:1, instance:com.dryrun.testcases.HomePageTest@548e6d58]" started-at="2024-11-11T22:11:51 IST" name="verifyOrgDetailsText" finished-at="2024-11-11T22:11:51 IST" duration-ms="278" status="PASS">
          <reporter-output>
          </reporter-output>
        </test-method> <!-- verifyOrgDetailsText -->
        <test-method signature="verifyOrganizationSidemenu()[pri:2, instance:com.dryrun.testcases.HomePageTest@548e6d58]" started-at="2024-11-11T22:11:51 IST" name="verifyOrganizationSidemenu" finished-at="2024-11-11T22:11:52 IST" duration-ms="978" status="PASS">
          <reporter-output>
          </reporter-output>
        </test-method> <!-- verifyOrganizationSidemenu -->
        <test-method signature="verifyOrganizationInfoSidemenu()[pri:3, instance:com.dryrun.testcases.HomePageTest@548e6d58]" started-at="2024-11-11T22:11:52 IST" name="verifyOrganizationInfoSidemenu" finished-at="2024-11-11T22:11:54 IST" duration-ms="1934" status="PASS">
          <reporter-output>
          </reporter-output>
        </test-method> <!-- verifyOrganizationInfoSidemenu -->
        <test-method signature="verifyDocControlSidemenu()[pri:4, instance:com.dryrun.testcases.HomePageTest@548e6d58]" started-at="2024-11-11T22:11:54 IST" name="verifyDocControlSidemenu" finished-at="2024-11-11T22:11:57 IST" duration-ms="2610" status="PASS">
          <reporter-output>
          </reporter-output>
        </test-method> <!-- verifyDocControlSidemenu -->
        <test-method signature="verifyTaxMasterSidemenu()[pri:5, instance:com.dryrun.testcases.HomePageTest@548e6d58]" started-at="2024-11-11T22:11:57 IST" name="verifyTaxMasterSidemenu" finished-at="2024-11-11T22:11:59 IST" duration-ms="2581" status="PASS">
          <reporter-output>
          </reporter-output>
        </test-method> <!-- verifyTaxMasterSidemenu -->
        <test-method signature="verifyBrandMasterSidemenu()[pri:6, instance:com.dryrun.testcases.HomePageTest@548e6d58]" started-at="2024-11-11T22:11:59 IST" name="verifyBrandMasterSidemenu" finished-at="2024-11-11T22:12:03 IST" duration-ms="3440" status="PASS">
          <reporter-output>
          </reporter-output>
        </test-method> <!-- verifyBrandMasterSidemenu -->
        <test-method signature="verifyMailConfigSidemenu()[pri:7, instance:com.dryrun.testcases.HomePageTest@548e6d58]" started-at="2024-11-11T22:12:03 IST" name="verifyMailConfigSidemenu" finished-at="2024-11-11T22:12:06 IST" duration-ms="3314" status="PASS">
          <reporter-output>
          </reporter-output>
        </test-method> <!-- verifyMailConfigSidemenu -->
        <test-method signature="verifyMasterMngmtSidemenu()[pri:8, instance:com.dryrun.testcases.HomePageTest@548e6d58]" started-at="2024-11-11T22:12:06 IST" name="verifyMasterMngmtSidemenu" finished-at="2024-11-11T22:12:09 IST" duration-ms="3233" status="PASS">
          <reporter-output>
          </reporter-output>
        </test-method> <!-- verifyMasterMngmtSidemenu -->
        <test-method signature="verifyAirLineSidemenu()[pri:9, instance:com.dryrun.testcases.HomePageTest@548e6d58]" started-at="2024-11-11T22:12:09 IST" name="verifyAirLineSidemenu" finished-at="2024-11-11T22:12:13 IST" duration-ms="3742" status="PASS">
          <reporter-output>
          </reporter-output>
        </test-method> <!-- verifyAirLineSidemenu -->
        <test-method signature="verifyAirPortSidemenu()[pri:10, instance:com.dryrun.testcases.HomePageTest@548e6d58]" started-at="2024-11-11T22:12:13 IST" name="verifyAirPortSidemenu" finished-at="2024-11-11T22:12:16 IST" duration-ms="3374" status="PASS">
          <reporter-output>
          </reporter-output>
        </test-method> <!-- verifyAirPortSidemenu -->
        <test-method signature="verifyPromoCodeSidemenu()[pri:11, instance:com.dryrun.testcases.HomePageTest@548e6d58]" started-at="2024-11-11T22:12:16 IST" name="verifyPromoCodeSidemenu" finished-at="2024-11-11T22:12:20 IST" duration-ms="4065" status="PASS">
          <reporter-output>
          </reporter-output>
        </test-method> <!-- verifyPromoCodeSidemenu -->
        <test-method signature="verifyAirLinecommSidemenu()[pri:12, instance:com.dryrun.testcases.HomePageTest@548e6d58]" started-at="2024-11-11T22:12:20 IST" name="verifyAirLinecommSidemenu" finished-at="2024-11-11T22:12:24 IST" duration-ms="3431" status="PASS">
          <reporter-output>
          </reporter-output>
        </test-method> <!-- verifyAirLinecommSidemenu -->
        <test-method signature="verifyDealCodesSidemenu()[pri:13, instance:com.dryrun.testcases.HomePageTest@548e6d58]" started-at="2024-11-11T22:12:24 IST" name="verifyDealCodesSidemenu" finished-at="2024-11-11T22:12:26 IST" duration-ms="2108" status="PASS">
          <reporter-output>
          </reporter-output>
        </test-method> <!-- verifyDealCodesSidemenu -->
        <test-method signature="verifyCorpCatMstrSidemenu()[pri:14, instance:com.dryrun.testcases.HomePageTest@548e6d58]" started-at="2024-11-11T22:12:26 IST" name="verifyCorpCatMstrSidemenu" finished-at="2024-11-11T22:12:29 IST" duration-ms="2900" status="PASS">
          <reporter-output>
          </reporter-output>
        </test-method> <!-- verifyCorpCatMstrSidemenu -->
        <test-method signature="verifyCustGrpMstrSidemenu()[pri:15, instance:com.dryrun.testcases.HomePageTest@548e6d58]" started-at="2024-11-11T22:12:29 IST" name="verifyCustGrpMstrSidemenu" finished-at="2024-11-11T22:12:31 IST" duration-ms="2637" status="PASS">
          <reporter-output>
          </reporter-output>
        </test-method> <!-- verifyCustGrpMstrSidemenu -->
        <test-method signature="verifyCompChnlMstrSidemenu()[pri:16, instance:com.dryrun.testcases.HomePageTest@548e6d58]" started-at="2024-11-11T22:12:31 IST" name="verifyCompChnlMstrSidemenu" finished-at="2024-11-11T22:12:34 IST" duration-ms="2593" status="PASS">
          <reporter-output>
          </reporter-output>
        </test-method> <!-- verifyCompChnlMstrSidemenu -->
        <test-method signature="verifyCostCntrMstrSidemenu()[pri:17, instance:com.dryrun.testcases.HomePageTest@548e6d58]" started-at="2024-11-11T22:12:34 IST" name="verifyCostCntrMstrSidemenu" finished-at="2024-11-11T22:12:37 IST" duration-ms="2907" status="PASS">
          <reporter-output>
          </reporter-output>
        </test-method> <!-- verifyCostCntrMstrSidemenu -->
        <test-method signature="verifyRoleMngmtSidemenu()[pri:18, instance:com.dryrun.testcases.HomePageTest@548e6d58]" started-at="2024-11-11T22:12:37 IST" name="verifyRoleMngmtSidemenu" finished-at="2024-11-11T22:12:40 IST" duration-ms="3043" status="PASS">
          <reporter-output>
          </reporter-output>
        </test-method> <!-- verifyRoleMngmtSidemenu -->
        <test-method signature="verifyRoleCreationSidemenu()[pri:19, instance:com.dryrun.testcases.HomePageTest@548e6d58]" started-at="2024-11-11T22:12:40 IST" name="verifyRoleCreationSidemenu" finished-at="2024-11-11T22:12:43 IST" duration-ms="2803" status="PASS">
          <reporter-output>
          </reporter-output>
        </test-method> <!-- verifyRoleCreationSidemenu -->
        <test-method signature="verifyRoleProgramsSidemenu()[pri:20, instance:com.dryrun.testcases.HomePageTest@548e6d58]" started-at="2024-11-11T22:12:43 IST" name="verifyRoleProgramsSidemenu" finished-at="2024-11-11T22:12:46 IST" duration-ms="3573" status="PASS">
          <reporter-output>
          </reporter-output>
        </test-method> <!-- verifyRoleProgramsSidemenu -->
        <test-method signature="verifyProviderMngmtSidemenu()[pri:21, instance:com.dryrun.testcases.HomePageTest@548e6d58]" started-at="2024-11-11T22:12:46 IST" name="verifyProviderMngmtSidemenu" finished-at="2024-11-11T22:12:54 IST" duration-ms="7408" status="PASS">
          <reporter-output>
          </reporter-output>
        </test-method> <!-- verifyProviderMngmtSidemenu -->
        <test-method signature="verifyProviderSetupSidemenu()[pri:22, instance:com.dryrun.testcases.HomePageTest@548e6d58]" started-at="2024-11-11T22:12:54 IST" name="verifyProviderSetupSidemenu" finished-at="2024-11-11T22:13:04 IST" duration-ms="9975" status="PASS">
          <reporter-output>
          </reporter-output>
        </test-method> <!-- verifyProviderSetupSidemenu -->
        <test-method signature="verifyServiceChargeSidemenu()[pri:23, instance:com.dryrun.testcases.HomePageTest@548e6d58]" started-at="2024-11-11T22:13:04 IST" name="verifyServiceChargeSidemenu" finished-at="2024-11-11T22:13:08 IST" duration-ms="3865" status="PASS">
          <reporter-output>
          </reporter-output>
        </test-method> <!-- verifyServiceChargeSidemenu -->
        <test-method signature="verifyFlightRuleSidemenu()[pri:24, instance:com.dryrun.testcases.HomePageTest@548e6d58]" started-at="2024-11-11T22:13:08 IST" name="verifyFlightRuleSidemenu" finished-at="2024-11-11T22:13:16 IST" duration-ms="8043" status="PASS">
          <reporter-output>
          </reporter-output>
        </test-method> <!-- verifyFlightRuleSidemenu -->
        <test-method signature="verifyFlightTmpltSidemenu()[pri:25, instance:com.dryrun.testcases.HomePageTest@548e6d58]" started-at="2024-11-11T22:13:16 IST" name="verifyFlightTmpltSidemenu" finished-at="2024-11-11T22:13:24 IST" duration-ms="8333" status="PASS">
          <reporter-output>
          </reporter-output>
        </test-method> <!-- verifyFlightTmpltSidemenu -->
        <test-method signature="verifyHotelRuleSidemenu()[pri:26, instance:com.dryrun.testcases.HomePageTest@548e6d58]" started-at="2024-11-11T22:13:24 IST" name="verifyHotelRuleSidemenu" finished-at="2024-11-11T22:13:40 IST" duration-ms="15983" status="PASS">
          <reporter-output>
          </reporter-output>
        </test-method> <!-- verifyHotelRuleSidemenu -->
        <test-method signature="verifyHotelTmpltSidemenu()[pri:27, instance:com.dryrun.testcases.HomePageTest@548e6d58]" started-at="2024-11-11T22:13:40 IST" name="verifyHotelTmpltSidemenu" finished-at="2024-11-11T22:13:45 IST" duration-ms="5422" status="PASS">
          <reporter-output>
          </reporter-output>
        </test-method> <!-- verifyHotelTmpltSidemenu -->
        <test-method signature="verifyInsuranceRuleSidemenu()[pri:28, instance:com.dryrun.testcases.HomePageTest@548e6d58]" started-at="2024-11-11T22:13:45 IST" name="verifyInsuranceRuleSidemenu" finished-at="2024-11-11T22:13:52 IST" duration-ms="6969" status="PASS">
          <reporter-output>
          </reporter-output>
        </test-method> <!-- verifyInsuranceRuleSidemenu -->
        <test-method signature="verifyInsuranceTmpltSidemenu()[pri:29, instance:com.dryrun.testcases.HomePageTest@548e6d58]" started-at="2024-11-11T22:13:52 IST" name="verifyInsuranceTmpltSidemenu" finished-at="2024-11-11T22:13:57 IST" duration-ms="5032" status="PASS">
          <reporter-output>
          </reporter-output>
        </test-method> <!-- verifyInsuranceTmpltSidemenu -->
        <test-method signature="verifyRailRuleSidemenu()[pri:30, instance:com.dryrun.testcases.HomePageTest@548e6d58]" started-at="2024-11-11T22:13:57 IST" name="verifyRailRuleSidemenu" finished-at="2024-11-11T22:14:04 IST" duration-ms="6918" status="PASS">
          <reporter-output>
          </reporter-output>
        </test-method> <!-- verifyRailRuleSidemenu -->
        <test-method signature="verifyRailTempltSidemenu()[pri:31, instance:com.dryrun.testcases.HomePageTest@548e6d58]" started-at="2024-11-11T22:14:04 IST" name="verifyRailTempltSidemenu" finished-at="2024-11-11T22:14:09 IST" duration-ms="5050" status="PASS">
          <reporter-output>
          </reporter-output>
        </test-method> <!-- verifyRailTempltSidemenu -->
        <test-method signature="verifyTransferRuleSidemenu()[pri:32, instance:com.dryrun.testcases.HomePageTest@548e6d58]" started-at="2024-11-11T22:14:09 IST" name="verifyTransferRuleSidemenu" finished-at="2024-11-11T22:14:14 IST" duration-ms="4259" status="PASS">
          <reporter-output>
          </reporter-output>
        </test-method> <!-- verifyTransferRuleSidemenu -->
        <test-method signature="verifyTransferTmpltSidemenu()[pri:33, instance:com.dryrun.testcases.HomePageTest@548e6d58]" started-at="2024-11-11T22:14:14 IST" name="verifyTransferTmpltSidemenu" finished-at="2024-11-11T22:14:17 IST" duration-ms="3880" status="PASS">
          <reporter-output>
          </reporter-output>
        </test-method> <!-- verifyTransferTmpltSidemenu -->
        <test-method signature="verifyRailPAssRuleSidemenu()[pri:34, instance:com.dryrun.testcases.HomePageTest@548e6d58]" started-at="2024-11-11T22:14:17 IST" name="verifyRailPAssRuleSidemenu" finished-at="2024-11-11T22:14:22 IST" duration-ms="4216" status="PASS">
          <reporter-output>
          </reporter-output>
        </test-method> <!-- verifyRailPAssRuleSidemenu -->
        <test-method signature="verifyRailPAssTmpltSidemenu()[pri:35, instance:com.dryrun.testcases.HomePageTest@548e6d58]" started-at="2024-11-11T22:14:22 IST" name="verifyRailPAssTmpltSidemenu" finished-at="2024-11-11T22:14:25 IST" duration-ms="3783" status="PASS">
          <reporter-output>
          </reporter-output>
        </test-method> <!-- verifyRailPAssTmpltSidemenu -->
        <test-method signature="verifyCompanySidemenu()[pri:36, instance:com.dryrun.testcases.HomePageTest@548e6d58]" started-at="2024-11-11T22:14:25 IST" name="verifyCompanySidemenu" finished-at="2024-11-11T22:14:29 IST" duration-ms="4043" status="PASS">
          <reporter-output>
          </reporter-output>
        </test-method> <!-- verifyCompanySidemenu -->
        <test-method signature="verifyCompanyListSidemenu()[pri:37, instance:com.dryrun.testcases.HomePageTest@548e6d58]" started-at="2024-11-11T22:14:30 IST" name="verifyCompanyListSidemenu" finished-at="2024-11-11T22:14:35 IST" duration-ms="5929" status="PASS">
          <reporter-output>
          </reporter-output>
        </test-method> <!-- verifyCompanyListSidemenu -->
        <test-method signature="verifyBranchListSidemenu()[pri:38, instance:com.dryrun.testcases.HomePageTest@548e6d58]" started-at="2024-11-11T22:14:35 IST" name="verifyBranchListSidemenu" finished-at="2024-11-11T22:14:38 IST" duration-ms="2709" status="PASS">
          <reporter-output>
          </reporter-output>
        </test-method> <!-- verifyBranchListSidemenu -->
        <test-method signature="verifyCopanySearchSidemenu()[pri:39, instance:com.dryrun.testcases.HomePageTest@548e6d58]" started-at="2024-11-11T22:14:38 IST" name="verifyCopanySearchSidemenu" finished-at="2024-11-11T22:14:41 IST" duration-ms="2958" status="PASS">
          <reporter-output>
          </reporter-output>
        </test-method> <!-- verifyCopanySearchSidemenu -->
        <test-method signature="verifyUserBranchSearchSidemenu()[pri:40, instance:com.dryrun.testcases.HomePageTest@548e6d58]" started-at="2024-11-11T22:14:41 IST" name="verifyUserBranchSearchSidemenu" finished-at="2024-11-11T22:14:47 IST" duration-ms="5557" status="PASS">
          <reporter-output>
          </reporter-output>
        </test-method> <!-- verifyUserBranchSearchSidemenu -->
        <test-method signature="verifyCompExcelUploadSidemenu()[pri:41, instance:com.dryrun.testcases.HomePageTest@548e6d58]" started-at="2024-11-11T22:14:47 IST" name="verifyCompExcelUploadSidemenu" finished-at="2024-11-11T22:14:51 IST" duration-ms="4020" status="PASS">
          <reporter-output>
          </reporter-output>
        </test-method> <!-- verifyCompExcelUploadSidemenu -->
        <test-method signature="verifyPaymentApprovalSidemenu()[pri:42, instance:com.dryrun.testcases.HomePageTest@548e6d58]" started-at="2024-11-11T22:14:51 IST" name="verifyPaymentApprovalSidemenu" finished-at="2024-11-11T22:14:54 IST" duration-ms="3798" status="PASS">
          <reporter-output>
          </reporter-output>
        </test-method> <!-- verifyPaymentApprovalSidemenu -->
        <test-method signature="verifyPaymentSidemenu()[pri:43, instance:com.dryrun.testcases.HomePageTest@548e6d58]" started-at="2024-11-11T22:14:54 IST" name="verifyPaymentSidemenu" finished-at="2024-11-11T22:14:58 IST" duration-ms="3867" status="PASS">
          <reporter-output>
          </reporter-output>
        </test-method> <!-- verifyPaymentSidemenu -->
        <test-method signature="verifyReportsSidemenu()[pri:44, instance:com.dryrun.testcases.HomePageTest@548e6d58]" started-at="2024-11-11T22:14:58 IST" name="verifyReportsSidemenu" finished-at="2024-11-11T22:15:01 IST" duration-ms="2782" status="PASS">
          <reporter-output>
          </reporter-output>
        </test-method> <!-- verifyReportsSidemenu -->
        <test-method signature="verifyRegisteredUsrSidemenu()[pri:45, instance:com.dryrun.testcases.HomePageTest@548e6d58]" started-at="2024-11-11T22:15:01 IST" name="verifyRegisteredUsrSidemenu" finished-at="2024-11-11T22:15:05 IST" duration-ms="3359" status="PASS">
          <reporter-output>
          </reporter-output>
        </test-method> <!-- verifyRegisteredUsrSidemenu -->
        <test-method signature="verifyGuestUsrTransSidemenu()[pri:46, instance:com.dryrun.testcases.HomePageTest@548e6d58]" started-at="2024-11-11T22:15:05 IST" name="verifyGuestUsrTransSidemenu" finished-at="2024-11-11T22:15:10 IST" duration-ms="5635" status="PASS">
          <reporter-output>
          </reporter-output>
        </test-method> <!-- verifyGuestUsrTransSidemenu -->
        <test-method signature="verifyNewsLetterSidemenu()[pri:47, instance:com.dryrun.testcases.HomePageTest@548e6d58]" started-at="2024-11-11T22:15:10 IST" name="verifyNewsLetterSidemenu" finished-at="2024-11-11T22:15:21 IST" duration-ms="10430" status="FAIL">
          <exception class="java.lang.AssertionError">
            <message>
              <![CDATA[expected [Newsletter Subscription ] but found [Newsletter Subscription]]]>
            </message>
            <full-stacktrace>
              <![CDATA[java.lang.AssertionError: expected [Newsletter Subscription ] but found [Newsletter Subscription]
at org.testng.Assert.fail(Assert.java:111)
at org.testng.Assert.failNotEquals(Assert.java:1578)
at org.testng.Assert.assertEqualsImpl(Assert.java:150)
at org.testng.Assert.assertEquals(Assert.java:132)
at org.testng.Assert.assertEquals(Assert.java:656)
at org.testng.Assert.assertEquals(Assert.java:666)
at com.dryrun.testcases.HomePageTest.verifyNewsLetterSidemenu(HomePageTest.java:596)
at java.base/jdk.internal.reflect.DirectMethodHandleAccessor.invoke(DirectMethodHandleAccessor.java:103)
at java.base/java.lang.reflect.Method.invoke(Method.java:580)
at org.testng.internal.invokers.MethodInvocationHelper.invokeMethod(MethodInvocationHelper.java:141)
at org.testng.internal.invokers.TestInvoker.invokeMethod(TestInvoker.java:686)
at org.testng.internal.invokers.TestInvoker.invokeTestMethod(TestInvoker.java:230)
at org.testng.internal.invokers.MethodRunner.runInSequence(MethodRunner.java:63)
at org.testng.internal.invokers.TestInvoker$MethodInvocationAgent.invoke(TestInvoker.java:992)
at org.testng.internal.invokers.TestInvoker.invokeTestMethods(TestInvoker.java:203)
at org.testng.internal.invokers.TestMethodWorker.invokeTestMethods(TestMethodWorker.java:154)
at org.testng.internal.invokers.TestMethodWorker.run(TestMethodWorker.java:134)
at java.base/java.util.ArrayList.forEach(ArrayList.java:1597)
at org.testng.TestRunner.privateRun(TestRunner.java:739)
at org.testng.TestRunner.run(TestRunner.java:614)
at org.testng.SuiteRunner.runTest(SuiteRunner.java:421)
at org.testng.SuiteRunner.runSequentially(SuiteRunner.java:413)
at org.testng.SuiteRunner.privateRun(SuiteRunner.java:373)
at org.testng.SuiteRunner.run(SuiteRunner.java:312)
at org.testng.SuiteRunnerWorker.runSuite(SuiteRunnerWorker.java:52)
at org.testng.SuiteRunnerWorker.run(SuiteRunnerWorker.java:95)
at org.testng.TestNG.runSuitesSequentially(TestNG.java:1274)
at org.testng.TestNG.runSuitesLocally(TestNG.java:1208)
at org.testng.TestNG.runSuites(TestNG.java:1112)
at org.testng.TestNG.run(TestNG.java:1079)
at org.testng.remote.AbstractRemoteTestNG.run(AbstractRemoteTestNG.java:115)
at org.testng.remote.RemoteTestNG.initAndRun(RemoteTestNG.java:293)
at org.testng.remote.RemoteTestNG.main(RemoteTestNG.java:91)
]]>
            </full-stacktrace>
          </exception> <!-- java.lang.AssertionError -->
          <reporter-output>
          </reporter-output>
        </test-method> <!-- verifyNewsLetterSidemenu -->
        <test-method signature="verifyCurrencyMngmtSidemenu()[pri:48, instance:com.dryrun.testcases.HomePageTest@548e6d58]" started-at="2024-11-11T22:15:21 IST" name="verifyCurrencyMngmtSidemenu" finished-at="2024-11-11T22:15:26 IST" duration-ms="5004" status="PASS">
          <reporter-output>
          </reporter-output>
        </test-method> <!-- verifyCurrencyMngmtSidemenu -->
        <test-method signature="verifyCurrencyConvSidemenu()[pri:49, instance:com.dryrun.testcases.HomePageTest@548e6d58]" started-at="2024-11-11T22:15:26 IST" name="verifyCurrencyConvSidemenu" finished-at="2024-11-11T22:15:31 IST" duration-ms="5311" status="PASS">
          <reporter-output>
          </reporter-output>
        </test-method> <!-- verifyCurrencyConvSidemenu -->
        <test-method signature="verifyRoeMarginSidemenu()[pri:50, instance:com.dryrun.testcases.HomePageTest@548e6d58]" started-at="2024-11-11T22:15:31 IST" name="verifyRoeMarginSidemenu" finished-at="2024-11-11T22:15:37 IST" duration-ms="5397" status="PASS">
          <reporter-output>
          </reporter-output>
        </test-method> <!-- verifyRoeMarginSidemenu -->
        <test-method signature="verifyCategoryMstrSidemenu()[pri:51, instance:com.dryrun.testcases.HomePageTest@548e6d58]" started-at="2024-11-11T22:15:37 IST" name="verifyCategoryMstrSidemenu" finished-at="2024-11-11T22:15:44 IST" duration-ms="7116" status="PASS">
          <reporter-output>
          </reporter-output>
        </test-method> <!-- verifyCategoryMstrSidemenu -->
        <test-method signature="verifyclickLogout()[pri:52, instance:com.dryrun.testcases.HomePageTest@548e6d58]" started-at="2024-11-11T22:15:44 IST" name="verifyclickLogout" finished-at="2024-11-11T22:16:47 IST" duration-ms="63188" status="PASS">
          <reporter-output>
          </reporter-output>
        </test-method> <!-- verifyclickLogout -->
      </class> <!-- com.dryrun.testcases.HomePageTest -->
    </test> <!-- Test_All -->
  </suite> <!-- Suite -->
</testng-results>
