<?xml version="1.0" encoding="UTF-8"?>
<!-- Generated by org.testng.reporters.JUnitXMLReporter -->
<testsuite ignored="0" hostname="DESKTOP-QTB4BMV" failures="0" tests="11" name="Default test" time="57.698" errors="0" timestamp="2024-11-22T19:58:53 IST">
  <testcase classname="dnata.admin.testcases.LoginPageTest" name="verifyAIroastamaniLogo" time="0.546"/>
  <testcase classname="dnata.admin.testcases.LoginPageTest" name="verifyTitle" time="0.019"/>
  <testcase classname="dnata.admin.testcases.LoginPageTest" name="verifyemailtext" time="0.094"/>
  <testcase classname="dnata.admin.testcases.LoginPageTest" name="verifypasswordtext" time="0.096"/>
  <testcase classname="dnata.admin.testcases.LoginPageTest" name="verifyusrnameRequiredtext" time="0.534"/>
  <testcase classname="dnata.admin.testcases.LoginPageTest" name="verifypasswordRequiredtext" time="0.471"/>
  <testcase classname="dnata.admin.testcases.LoginPageTest" name="verifyusernamenotvalidtext" time="3.737"/>
  <testcase classname="dnata.admin.testcases.LoginPageTest" name="verifyInvalidUserandPwdtext" time="8.639"/>
  <testcase classname="dnata.admin.testcases.LoginPageTest" name="verifyInvalidUserandPwdtext" time="8.842"/>
  <testcase classname="dnata.admin.testcases.LoginPageTest" name="verifyInvalidUserandPwdtext" time="8.641"/>
  <testcase classname="dnata.admin.testcases.LoginPageTest" name="verifyLoginsuccess" time="9.723"/>
</testsuite> <!-- Default test -->
