<?xml version="1.0" encoding="UTF-8"?>
<!-- Generated by org.testng.reporters.JUnitXMLReporter -->
<testsuite ignored="13" hostname="DESKTOP-QTB4BMV" failures="0" tests="1" name="Smoke" time="13.389" errors="0" timestamp="2024-11-08T23:56:00 IST">
  <testcase classname="com.dryrun.testcases.LoginPageTest" name="verifyInvalidUserandPwdtext" time="5.673"/>
  <testcase classname="com.dryrun.base.BaseClass" name="@AfterTest closeApp" time="0.0">
    <ignored/>
  </testcase> <!-- @AfterTest closeApp -->
  <testcase classname="com.dryrun.testcases.LoginPageTest" name="verifyAIroastamaniLogo" time="0.0">
    <ignored/>
  </testcase> <!-- verifyAIroastamaniLogo -->
  <testcase classname="com.dryrun.testcases.LoginPageTest" name="verifypasswordRequiredtext" time="0.0">
    <ignored/>
  </testcase> <!-- verifypasswordRequiredtext -->
  <testcase classname="com.dryrun.testcases.LoginPageTest" name="verifyLoginsuccess" time="0.0">
    <ignored/>
  </testcase> <!-- verifyLoginsuccess -->
  <testcase classname="com.dryrun.testcases.LoginPageTest" name="verifyemailtext" time="0.0">
    <ignored/>
  </testcase> <!-- verifyemailtext -->
  <testcase classname="com.dryrun.testcases.LoginPageTest" name="verifyTitle" time="0.0">
    <ignored/>
  </testcase> <!-- verifyTitle -->
  <testcase classname="com.dryrun.base.BaseClass" name="@BeforeTest launchApp" time="0.0">
    <ignored/>
  </testcase> <!-- @BeforeTest launchApp -->
  <testcase classname="com.dryrun.testcases.LoginPageTest" name="verifyusernamenotvalidtext" time="0.0">
    <ignored/>
  </testcase> <!-- verifyusernamenotvalidtext -->
  <testcase classname="com.dryrun.base.BaseClass" name="@AfterSuite afterSuite" time="0.0">
    <ignored/>
  </testcase> <!-- @AfterSuite afterSuite -->
  <testcase classname="com.dryrun.testcases.LoginPageTest" name="verifyusrnameRequiredtext" time="0.0">
    <ignored/>
  </testcase> <!-- verifyusrnameRequiredtext -->
  <testcase classname="com.dryrun.testcases.LoginPageTest" name="verifypasswordtext" time="0.0">
    <ignored/>
  </testcase> <!-- verifypasswordtext -->
  <testcase classname="com.dryrun.testcases.HomePageTest" name="verifyOrgDetailsText" time="0.0">
    <ignored/>
  </testcase> <!-- verifyOrgDetailsText -->
  <testcase classname="com.dryrun.base.BaseClass" name="@BeforeSuite loadConfig" time="0.0">
    <ignored/>
  </testcase> <!-- @BeforeSuite loadConfig -->
</testsuite> <!-- Smoke -->
