<?xml version="1.0" encoding="UTF-8"?>
<!-- Generated by org.testng.reporters.JUnitXMLReporter -->
<testsuite ignored="4" hostname="DESKTOP-QTB4BMV" failures="0" tests="7" name="Test_All" time="26.588" errors="0" timestamp="2024-11-12T23:00:57 IST">
  <testcase classname="com.dryrun.testcases.LoginPageTest" name="verifyAIroastamaniLogo" time="0.496"/>
  <testcase classname="com.dryrun.testcases.LoginPageTest" name="verifyTitle" time="0.031"/>
  <testcase classname="com.dryrun.testcases.LoginPageTest" name="verifyemailtext" time="0.078"/>
  <testcase classname="com.dryrun.testcases.LoginPageTest" name="verifypasswordtext" time="0.065"/>
  <testcase classname="com.dryrun.testcases.LoginPageTest" name="verifyusrnameRequiredtext" time="1.055"/>
  <testcase classname="com.dryrun.testcases.LoginPageTest" name="verifypasswordRequiredtext" time="0.334"/>
  <testcase classname="com.dryrun.testcases.LoginPageTest" name="verifyusernamenotvalidtext" time="3.689"/>
  <testcase classname="com.dryrun.base.BaseClass" name="@BeforeTest launchApp" time="0.0">
    <ignored/>
  </testcase> <!-- @BeforeTest launchApp -->
  <testcase classname="com.dryrun.base.BaseClass" name="@AfterSuite afterSuite" time="0.0">
    <ignored/>
  </testcase> <!-- @AfterSuite afterSuite -->
  <testcase classname="com.dryrun.base.BaseClass" name="@AfterTest closeApp" time="0.0">
    <ignored/>
  </testcase> <!-- @AfterTest closeApp -->
  <testcase classname="com.dryrun.base.BaseClass" name="@BeforeSuite loadConfig" time="0.0">
    <ignored/>
  </testcase> <!-- @BeforeSuite loadConfig -->
</testsuite> <!-- Test_All -->
