<?xml version="1.0" encoding="UTF-8"?>
<!-- Generated by org.testng.reporters.JUnitXMLReporter -->
<testsuite ignored="4" hostname="DESKTOP-QTB4BMV" failures="0" tests="16" name="Test_All" time="62.37" errors="0" timestamp="2024-11-14T14:55:38 IST">
  <testcase classname="com.dryrun.testcases.LoginPageTest" name="verifyAIroastamaniLogo" time="0.564"/>
  <testcase classname="com.dryrun.testcases.LoginPageTest" name="verifyTitle" time="0.148"/>
  <testcase classname="com.dryrun.testcases.LoginPageTest" name="verifyemailtext" time="0.152"/>
  <testcase classname="com.dryrun.testcases.LoginPageTest" name="verifypasswordtext" time="0.034"/>
  <testcase classname="com.dryrun.testcases.LoginPageTest" name="verifyusrnameRequiredtext" time="0.987"/>
  <testcase classname="com.dryrun.testcases.LoginPageTest" name="verifypasswordRequiredtext" time="0.368"/>
  <testcase classname="com.dryrun.testcases.LoginPageTest" name="verifyusernamenotvalidtext" time="3.724"/>
  <testcase classname="com.dryrun.testcases.LoginPageTest" name="verifyInvalidUserandPwdtext" time="8.684"/>
  <testcase classname="com.dryrun.testcases.LoginPageTest" name="verifyInvalidUserandPwdtext" time="8.555"/>
  <testcase classname="com.dryrun.testcases.LoginPageTest" name="verifyInvalidUserandPwdtext" time="8.773"/>
  <testcase classname="com.dryrun.testcases.LoginPageTest" name="verifyLoginsuccess" time="9.143"/>
  <testcase classname="com.dryrun.testcases.HomePageTest" name="verifyUsernameText" time="0.126"/>
  <testcase classname="com.dryrun.testcases.HomePageTest" name="verifyOrgDetailsText" time="0.268"/>
  <testcase classname="com.dryrun.testcases.HomePageTest" name="verifyOrganizationSidemenu" time="0.962"/>
  <testcase classname="com.dryrun.testcases.HomePageTest" name="verifyOrganizationInfoSidemenu" time="2.02"/>
  <testcase classname="com.dryrun.testcases.HomePageTest" name="verifyDocControlSidemenu" time="2.732"/>
  <testcase classname="com.dryrun.base.BaseClass" name="@BeforeTest launchApp" time="0.0">
    <ignored/>
  </testcase> <!-- @BeforeTest launchApp -->
  <testcase classname="com.dryrun.base.BaseClass" name="@AfterSuite afterSuite" time="0.0">
    <ignored/>
  </testcase> <!-- @AfterSuite afterSuite -->
  <testcase classname="com.dryrun.base.BaseClass" name="@AfterTest closeApp" time="0.0">
    <ignored/>
  </testcase> <!-- @AfterTest closeApp -->
  <testcase classname="com.dryrun.base.BaseClass" name="@BeforeSuite loadConfig" time="0.0">
    <ignored/>
  </testcase> <!-- @BeforeSuite loadConfig -->
</testsuite> <!-- Test_All -->
