<?xml version="1.0" encoding="UTF-8"?>
<testng-results ignored="0" total="13" passed="13" failed="0" skipped="0">
  <reporter-output>
  </reporter-output>
  <suite started-at="2024-12-19T14:49:29 IST" name="Suite" finished-at="2024-12-19T14:53:02 IST" duration-ms="213400">
    <groups>
      <group name="Smoke">
        <method signature="CompanyListTest.verifyBranchCompanyCreation(java.util.HashMap)[pri:0, instance:dnata.admin.testcases.CompanyListTest@1757cd72]" name="verifyBranchCompanyCreation" class="dnata.admin.testcases.CompanyListTest"/>
        <method signature="HomePageTest.verifyOrgDetailsText()[pri:0, instance:dnata.admin.testcases.HomePageTest@2e377400]" name="verifyOrgDetailsText" class="dnata.admin.testcases.HomePageTest"/>
        <method signature="LoginPageTest.verifyLoginSuccess(java.util.HashMap)[pri:0, instance:dnata.admin.testcases.LoginPageTest@1f59a598]" name="verifyLoginSuccess" class="dnata.admin.testcases.LoginPageTest"/>
        <method signature="CompanyListTest.verifyB2BCompanyCreation(java.util.HashMap)[pri:1, instance:dnata.admin.testcases.CompanyListTest@1757cd72]" name="verifyB2BCompanyCreation" class="dnata.admin.testcases.CompanyListTest"/>
        <method signature="HomePageTest.verifyOrgDetailsParameters()[pri:1, instance:dnata.admin.testcases.HomePageTest@2e377400]" name="verifyOrgDetailsParameters" class="dnata.admin.testcases.HomePageTest"/>
        <method signature="CompanyListTest.VerifyProductConfigurationSetup()[pri:2, instance:dnata.admin.testcases.CompanyListTest@1757cd72]" name="VerifyProductConfigurationSetup" class="dnata.admin.testcases.CompanyListTest"/>
        <method signature="HomePageTest.verifyCompanyListheadingText()[pri:2, instance:dnata.admin.testcases.HomePageTest@2e377400]" name="verifyCompanyListheadingText" class="dnata.admin.testcases.HomePageTest"/>
        <method signature="CompanyListTest.VerifyCarRentalServiceChargeSetup()[pri:3, instance:dnata.admin.testcases.CompanyListTest@1757cd72]" name="VerifyCarRentalServiceChargeSetup" class="dnata.admin.testcases.CompanyListTest"/>
        <method signature="CompanyListTest.verifyCompanyUserCreation(java.util.HashMap)[pri:4, instance:dnata.admin.testcases.CompanyListTest@1757cd72]" name="verifyCompanyUserCreation" class="dnata.admin.testcases.CompanyListTest"/>
        <method signature="CompanyListTest.verifyCompanyUserCreationAssignRole(java.util.HashMap)[pri:5, instance:dnata.admin.testcases.CompanyListTest@1757cd72]" name="verifyCompanyUserCreationAssignRole" class="dnata.admin.testcases.CompanyListTest"/>
        <method signature="CompanyListTest.verifyCompanyCustomerCreation(java.util.HashMap)[pri:6, instance:dnata.admin.testcases.CompanyListTest@1757cd72]" name="verifyCompanyCustomerCreation" class="dnata.admin.testcases.CompanyListTest"/>
        <method signature="CompanyListTest.verifyCompanySupplierConfig(java.util.HashMap)[pri:7, instance:dnata.admin.testcases.CompanyListTest@1757cd72]" name="verifyCompanySupplierConfig" class="dnata.admin.testcases.CompanyListTest"/>
        <method signature="CompanyListTest.verifyCompanyFOP(java.util.HashMap)[pri:8, instance:dnata.admin.testcases.CompanyListTest@1757cd72]" name="verifyCompanyFOP" class="dnata.admin.testcases.CompanyListTest"/>
      </group> <!-- Smoke -->
    </groups>
    <test started-at="2024-12-19T14:49:29 IST" name="Test_All" finished-at="2024-12-19T14:53:02 IST" duration-ms="213400">
      <class name="dnata.admin.testcases.LoginPageTest">
        <test-method is-config="true" signature="loadConfig()[pri:0, instance:dnata.admin.testcases.LoginPageTest@1f59a598]" started-at="2024-12-19T14:49:29 IST" name="loadConfig" finished-at="2024-12-19T14:49:29 IST" duration-ms="592" status="PASS">
          <reporter-output>
          </reporter-output>
        </test-method> <!-- loadConfig -->
        <test-method is-config="true" signature="launchApp()[pri:0, instance:dnata.admin.testcases.LoginPageTest@1f59a598]" started-at="2024-12-19T14:49:29 IST" name="launchApp" finished-at="2024-12-19T14:49:39 IST" duration-ms="9718" status="PASS">
          <reporter-output>
          </reporter-output>
        </test-method> <!-- launchApp -->
        <test-method signature="verifyLoginSuccess(java.util.HashMap)[pri:0, instance:dnata.admin.testcases.LoginPageTest@1f59a598]" started-at="2024-12-19T14:49:41 IST" name="verifyLoginSuccess" data-provider="ValidUserandPwd" finished-at="2024-12-19T14:49:57 IST" duration-ms="16609" status="PASS">
          <params>
            <param index="0">
              <value>
                <![CDATA[{Username=nagaarjunan.s@convergentechnologies.com, Password=Naga@123}]]>
              </value>
            </param>
          </params>
          <reporter-output>
          </reporter-output>
        </test-method> <!-- verifyLoginSuccess -->
        <test-method is-config="true" signature="closeApp()[pri:0, instance:dnata.admin.testcases.LoginPageTest@1f59a598]" started-at="2024-12-19T14:53:02 IST" name="closeApp" finished-at="2024-12-19T14:53:02 IST" duration-ms="2" status="PASS">
          <reporter-output>
          </reporter-output>
        </test-method> <!-- closeApp -->
        <test-method is-config="true" signature="afterSuite()[pri:0, instance:dnata.admin.testcases.LoginPageTest@1f59a598]" started-at="2024-12-19T14:53:03 IST" name="afterSuite" finished-at="2024-12-19T14:53:03 IST" duration-ms="944" status="PASS">
          <reporter-output>
          </reporter-output>
        </test-method> <!-- afterSuite -->
      </class> <!-- dnata.admin.testcases.LoginPageTest -->
      <class name="dnata.admin.testcases.HomePageTest">
        <test-method signature="verifyOrgDetailsText()[pri:0, instance:dnata.admin.testcases.HomePageTest@2e377400]" started-at="2024-12-19T14:49:57 IST" name="verifyOrgDetailsText" finished-at="2024-12-19T14:49:58 IST" duration-ms="494" status="PASS">
          <reporter-output>
          </reporter-output>
        </test-method> <!-- verifyOrgDetailsText -->
        <test-method signature="verifyOrgDetailsParameters()[pri:1, instance:dnata.admin.testcases.HomePageTest@2e377400]" started-at="2024-12-19T14:49:58 IST" name="verifyOrgDetailsParameters" finished-at="2024-12-19T14:50:03 IST" duration-ms="5162" status="PASS">
          <reporter-output>
          </reporter-output>
        </test-method> <!-- verifyOrgDetailsParameters -->
        <test-method signature="verifyCompanyListheadingText()[pri:2, instance:dnata.admin.testcases.HomePageTest@2e377400]" started-at="2024-12-19T14:50:03 IST" name="verifyCompanyListheadingText" finished-at="2024-12-19T14:50:05 IST" duration-ms="1541" status="PASS">
          <reporter-output>
          </reporter-output>
        </test-method> <!-- verifyCompanyListheadingText -->
      </class> <!-- dnata.admin.testcases.HomePageTest -->
      <class name="dnata.admin.testcases.CompanyListTest">
        <test-method signature="verifyBranchCompanyCreation(java.util.HashMap)[pri:0, instance:dnata.admin.testcases.CompanyListTest@1757cd72]" started-at="2024-12-19T14:50:05 IST" name="verifyBranchCompanyCreation" data-provider="branchaddcompany" finished-at="2024-12-19T14:50:47 IST" duration-ms="41801" status="PASS">
          <params>
            <param index="0">
              <value>
                <![CDATA[{Email=sample@sample.com, Address=Sample Address, Channel Name= Dnata Hertz , Mobile Code=IN-91, City=City, Account Code=123, Name=Automation Testing, Short Name=AT, Customer Group=Dnata GSA Team, Staff Email=sample@sample.com, Limit Type=No Limit, Branch=Dnata Dubai Branch, Back Office Provider= CONVERGENT , Mobile No=912345, Country=INDIA, Company Type=BRANCH}]]>
              </value>
            </param>
          </params>
          <reporter-output>
          </reporter-output>
        </test-method> <!-- verifyBranchCompanyCreation -->
        <test-method signature="verifyB2BCompanyCreation(java.util.HashMap)[pri:1, instance:dnata.admin.testcases.CompanyListTest@1757cd72]" started-at="2024-12-19T14:50:47 IST" name="verifyB2BCompanyCreation" data-provider="B2Baddcompany" finished-at="2024-12-19T14:51:25 IST" duration-ms="37736" status="PASS">
          <params>
            <param index="0">
              <value>
                <![CDATA[{Email=sample@sample.com, Address=Sample Address, Channel Name= Dnata Hertz , Mobile Code=IN-91, City=City, Account Code=123, Name=Automation Testing, Short Name=AT, Customer Group=Dnata GSA Team, Staff Email=sample@sample.com, Limit Type=Fixed, Branch=Dnata Dubai Branch, Back Office Provider= CONVERGENT , Mobile No=912345, Country=INDIA, Company Type=B2B}]]>
              </value>
            </param>
          </params>
          <reporter-output>
          </reporter-output>
        </test-method> <!-- verifyB2BCompanyCreation -->
        <test-method signature="VerifyProductConfigurationSetup()[pri:2, instance:dnata.admin.testcases.CompanyListTest@1757cd72]" started-at="2024-12-19T14:51:25 IST" name="VerifyProductConfigurationSetup" finished-at="2024-12-19T14:51:41 IST" duration-ms="16553" status="PASS">
          <reporter-output>
          </reporter-output>
        </test-method> <!-- VerifyProductConfigurationSetup -->
        <test-method signature="VerifyCarRentalServiceChargeSetup()[pri:3, instance:dnata.admin.testcases.CompanyListTest@1757cd72]" started-at="2024-12-19T14:51:41 IST" name="VerifyCarRentalServiceChargeSetup" finished-at="2024-12-19T14:51:51 IST" duration-ms="9471" status="PASS">
          <reporter-output>
          </reporter-output>
        </test-method> <!-- VerifyCarRentalServiceChargeSetup -->
        <test-method signature="verifyCompanyUserCreation(java.util.HashMap)[pri:4, instance:dnata.admin.testcases.CompanyListTest@1757cd72]" started-at="2024-12-19T14:51:51 IST" name="verifyCompanyUserCreation" data-provider="compUserCreation" finished-at="2024-12-19T14:52:06 IST" duration-ms="15462" status="PASS">
          <params>
            <param index="0">
              <value>
                <![CDATA[{Role= MULTI ROLE 1 , Email=sample@sample.com, First Name=AUTOMATIONUSER, Office Phone=123456789, Last Name=TESTING, Module=B2B, Salutation= MR , Password=Sample@123}]]>
              </value>
            </param>
          </params>
          <reporter-output>
          </reporter-output>
        </test-method> <!-- verifyCompanyUserCreation -->
        <test-method signature="verifyCompanyUserCreationAssignRole(java.util.HashMap)[pri:5, instance:dnata.admin.testcases.CompanyListTest@1757cd72]" started-at="2024-12-19T14:52:06 IST" name="verifyCompanyUserCreationAssignRole" data-provider="compUserCreation" finished-at="2024-12-19T14:52:15 IST" duration-ms="9129" status="PASS">
          <params>
            <param index="0">
              <value>
                <![CDATA[{Role= MULTI ROLE 1 , Email=sample@sample.com, First Name=AUTOMATIONUSER, Office Phone=123456789, Last Name=TESTING, Module=B2B, Salutation= MR , Password=Sample@123}]]>
              </value>
            </param>
          </params>
          <reporter-output>
          </reporter-output>
        </test-method> <!-- verifyCompanyUserCreationAssignRole -->
        <test-method signature="verifyCompanyCustomerCreation(java.util.HashMap)[pri:6, instance:dnata.admin.testcases.CompanyListTest@1757cd72]" started-at="2024-12-19T14:52:16 IST" name="verifyCompanyCustomerCreation" data-provider="compCustomerCreation" finished-at="2024-12-19T14:52:45 IST" duration-ms="29396" status="PASS">
          <params>
            <param index="0">
              <value>
                <![CDATA[{Email=sample@sample.com, First Name=AUTOMATIONCUSTOMER, PID=01-01-2020, Gender=Male, City=Sample City, Salutation= MR , Nationality= Indian , PED=01-01-2030, Supplier Config=CLUBMED SIT, FOP Default=False, Phone Code= IN - 91 , DOB=01-01-2000, Passport Issued= Indian , Last Name=TESTING, FOP Type=CREDIT, Phone No=912345, Passport No=AY}]]>
              </value>
            </param>
          </params>
          <reporter-output>
          </reporter-output>
        </test-method> <!-- verifyCompanyCustomerCreation -->
        <test-method signature="verifyCompanySupplierConfig(java.util.HashMap)[pri:7, instance:dnata.admin.testcases.CompanyListTest@1757cd72]" started-at="2024-12-19T14:52:45 IST" name="verifyCompanySupplierConfig" data-provider="compCustomerCreation" finished-at="2024-12-19T14:52:53 IST" duration-ms="8061" status="PASS">
          <params>
            <param index="0">
              <value>
                <![CDATA[{Email=sample@sample.com, First Name=AUTOMATIONCUSTOMER, PID=01-01-2020, Gender=Male, City=Sample City, Salutation= MR , Nationality= Indian , PED=01-01-2030, Supplier Config=CLUBMED SIT, FOP Default=False, Phone Code= IN - 91 , DOB=01-01-2000, Passport Issued= Indian , Last Name=TESTING, FOP Type=CREDIT, Phone No=912345, Passport No=AY}]]>
              </value>
            </param>
          </params>
          <reporter-output>
          </reporter-output>
        </test-method> <!-- verifyCompanySupplierConfig -->
        <test-method signature="verifyCompanyFOP(java.util.HashMap)[pri:8, instance:dnata.admin.testcases.CompanyListTest@1757cd72]" started-at="2024-12-19T14:52:53 IST" name="verifyCompanyFOP" data-provider="compCustomerCreation" finished-at="2024-12-19T14:53:02 IST" duration-ms="9275" status="PASS">
          <params>
            <param index="0">
              <value>
                <![CDATA[{Email=sample@sample.com, First Name=AUTOMATIONCUSTOMER, PID=01-01-2020, Gender=Male, City=Sample City, Salutation= MR , Nationality= Indian , PED=01-01-2030, Supplier Config=CLUBMED SIT, FOP Default=False, Phone Code= IN - 91 , DOB=01-01-2000, Passport Issued= Indian , Last Name=TESTING, FOP Type=CREDIT, Phone No=912345, Passport No=AY}]]>
              </value>
            </param>
          </params>
          <reporter-output>
          </reporter-output>
        </test-method> <!-- verifyCompanyFOP -->
      </class> <!-- dnata.admin.testcases.CompanyListTest -->
    </test> <!-- Test_All -->
  </suite> <!-- Suite -->
</testng-results>
