<?xml version="1.0" encoding="UTF-8"?>
<testng-results ignored="0" total="5" passed="5" failed="0" skipped="0">
  <reporter-output>
  </reporter-output>
  <suite started-at="2024-12-12T22:01:52 IST" name="Suite" finished-at="2024-12-12T22:02:44 IST" duration-ms="51082">
    <groups>
      <group name="Smoke">
        <method signature="HomePageTest.verifyOrgDetailsText()[pri:0, instance:dnata.admin.testcases.HomePageTest@26b3fd41]" name="verifyOrgDetailsText" class="dnata.admin.testcases.HomePageTest"/>
        <method signature="LoginPageTest.verifyLoginSuccess(java.util.HashMap)[pri:0, instance:dnata.admin.testcases.LoginPageTest@4c39bec8]" name="verifyLoginSuccess" class="dnata.admin.testcases.LoginPageTest"/>
        <method signature="HomePageTest.verifyOrgDetailsParameters()[pri:1, instance:dnata.admin.testcases.HomePageTest@26b3fd41]" name="verifyOrgDetailsParameters" class="dnata.admin.testcases.HomePageTest"/>
        <method signature="HomePageTest.verifyCompanyListheadingText()[pri:2, instance:dnata.admin.testcases.HomePageTest@26b3fd41]" name="verifyCompanyListheadingText" class="dnata.admin.testcases.HomePageTest"/>
        <method signature="CompanyListTest.verifyCompanyUserCreationAssignRole(java.util.HashMap)[pri:5, instance:dnata.admin.testcases.CompanyListTest@7494f96a]" name="verifyCompanyUserCreationAssignRole" class="dnata.admin.testcases.CompanyListTest"/>
      </group> <!-- Smoke -->
    </groups>
    <test started-at="2024-12-12T22:01:52 IST" name="Test_All" finished-at="2024-12-12T22:02:44 IST" duration-ms="51082">
      <class name="dnata.admin.testcases.LoginPageTest">
        <test-method is-config="true" signature="loadConfig()[pri:0, instance:dnata.admin.testcases.LoginPageTest@4c39bec8]" started-at="2024-12-12T22:01:52 IST" name="loadConfig" finished-at="2024-12-12T22:01:52 IST" duration-ms="630" status="PASS">
          <reporter-output>
          </reporter-output>
        </test-method> <!-- loadConfig -->
        <test-method is-config="true" signature="launchApp()[pri:0, instance:dnata.admin.testcases.LoginPageTest@4c39bec8]" started-at="2024-12-12T22:01:52 IST" name="launchApp" finished-at="2024-12-12T22:02:02 IST" duration-ms="9716" status="PASS">
          <reporter-output>
          </reporter-output>
        </test-method> <!-- launchApp -->
        <test-method signature="verifyLoginSuccess(java.util.HashMap)[pri:0, instance:dnata.admin.testcases.LoginPageTest@4c39bec8]" started-at="2024-12-12T22:02:04 IST" name="verifyLoginSuccess" data-provider="ValidUserandPwd" finished-at="2024-12-12T22:02:19 IST" duration-ms="14665" status="PASS">
          <params>
            <param index="0">
              <value>
                <![CDATA[{Username=nagaarjunan.s@convergentechnologies.com, Password=Naga@123}]]>
              </value>
            </param>
          </params>
          <reporter-output>
          </reporter-output>
        </test-method> <!-- verifyLoginSuccess -->
        <test-method is-config="true" signature="closeApp()[pri:0, instance:dnata.admin.testcases.LoginPageTest@4c39bec8]" started-at="2024-12-12T22:02:44 IST" name="closeApp" finished-at="2024-12-12T22:02:44 IST" duration-ms="2" status="PASS">
          <reporter-output>
          </reporter-output>
        </test-method> <!-- closeApp -->
        <test-method is-config="true" signature="afterSuite()[pri:0, instance:dnata.admin.testcases.LoginPageTest@4c39bec8]" started-at="2024-12-12T22:02:44 IST" name="afterSuite" finished-at="2024-12-12T22:02:45 IST" duration-ms="969" status="PASS">
          <reporter-output>
          </reporter-output>
        </test-method> <!-- afterSuite -->
      </class> <!-- dnata.admin.testcases.LoginPageTest -->
      <class name="dnata.admin.testcases.HomePageTest">
        <test-method signature="verifyOrgDetailsText()[pri:0, instance:dnata.admin.testcases.HomePageTest@26b3fd41]" started-at="2024-12-12T22:02:19 IST" name="verifyOrgDetailsText" finished-at="2024-12-12T22:02:19 IST" duration-ms="418" status="PASS">
          <reporter-output>
          </reporter-output>
        </test-method> <!-- verifyOrgDetailsText -->
        <test-method signature="verifyOrgDetailsParameters()[pri:1, instance:dnata.admin.testcases.HomePageTest@26b3fd41]" started-at="2024-12-12T22:02:19 IST" name="verifyOrgDetailsParameters" finished-at="2024-12-12T22:02:24 IST" duration-ms="5312" status="PASS">
          <reporter-output>
          </reporter-output>
        </test-method> <!-- verifyOrgDetailsParameters -->
        <test-method signature="verifyCompanyListheadingText()[pri:2, instance:dnata.admin.testcases.HomePageTest@26b3fd41]" started-at="2024-12-12T22:02:24 IST" name="verifyCompanyListheadingText" finished-at="2024-12-12T22:02:26 IST" duration-ms="1398" status="PASS">
          <reporter-output>
          </reporter-output>
        </test-method> <!-- verifyCompanyListheadingText -->
      </class> <!-- dnata.admin.testcases.HomePageTest -->
      <class name="dnata.admin.testcases.CompanyListTest">
        <test-method signature="verifyCompanyUserCreationAssignRole(java.util.HashMap)[pri:5, instance:dnata.admin.testcases.CompanyListTest@7494f96a]" started-at="2024-12-12T22:02:26 IST" name="verifyCompanyUserCreationAssignRole" data-provider="compUserCreation" finished-at="2024-12-12T22:02:44 IST" duration-ms="17541" status="PASS">
          <params>
            <param index="0">
              <value>
                <![CDATA[{Role=dnataTestRole, Email=sample@sample.com, First Name=AUTOMATION, Office Phone=123456789, Last Name=TESTING, Module=ADMIN,B2B, Salutation=MR, Password=Sample@123}]]>
              </value>
            </param>
          </params>
          <reporter-output>
          </reporter-output>
        </test-method> <!-- verifyCompanyUserCreationAssignRole -->
      </class> <!-- dnata.admin.testcases.CompanyListTest -->
    </test> <!-- Test_All -->
  </suite> <!-- Suite -->
</testng-results>
