<?xml version="1.0" encoding="UTF-8"?>
<!-- Generated by org.testng.reporters.JUnitXMLReporter -->
<testsuite ignored="9" hostname="DESKTOP-2H0BP27" failures="0" tests="1" name="Regresssion" time="19.428" errors="0" timestamp="2024-11-02T11:11:02 IST">
  <testcase classname="com.dryrun.testcases.EndtoEndTest" name="EndtoEnd" time="13.959"/>
  <testcase classname="com.dryrun.base.BaseClass" name="@BeforeTest loadConfig" time="0.0">
    <ignored/>
  </testcase> <!-- @BeforeTest loadConfig -->
  <testcase classname="com.dryrun.base.BaseClass" name="@BeforeSuite beforeSuite" time="0.0">
    <ignored/>
  </testcase> <!-- @BeforeSuite beforeSuite -->
  <testcase classname="com.dryrun.testcases.IndexPageTest" name="verifyLogo" time="0.0">
    <ignored/>
  </testcase> <!-- verifyLogo -->
  <testcase classname="com.dryrun.testcases.HomePageTest" name="verifyAdminmenuclick" time="0.0">
    <ignored/>
  </testcase> <!-- verifyAdminmenuclick -->
  <testcase classname="com.dryrun.base.BaseClass" name="@BeforeTest loadConfig" time="0.0">
    <ignored/>
  </testcase> <!-- @BeforeTest loadConfig -->
  <testcase classname="com.dryrun.base.BaseClass" name="@BeforeSuite beforeSuite" time="0.0">
    <ignored/>
  </testcase> <!-- @BeforeSuite beforeSuite -->
  <testcase classname="com.dryrun.testcases.IndexPageTest" name="verifySignIn" time="0.0">
    <ignored/>
  </testcase> <!-- verifySignIn -->
  <testcase classname="com.dryrun.testcases.IndexPageTest" name="verifyTitle" time="0.0">
    <ignored/>
  </testcase> <!-- verifyTitle -->
  <testcase classname="com.dryrun.testcases.HomePageTest" name="verifyadminmenutext" time="0.0">
    <ignored/>
  </testcase> <!-- verifyadminmenutext -->
</testsuite> <!-- Regresssion -->
