<?xml version="1.0" encoding="UTF-8"?>
<!-- Generated by org.testng.reporters.JUnitXMLReporter -->
<testsuite ignored="8" hostname="DESKTOP-2H0BP27" failures="0" tests="2" name="Sanity" time="28.103" errors="0" timestamp="2024-11-02T11:21:57 IST">
  <testcase classname="com.dryrun.testcases.IndexPageTest" name="verifySignIn" time="7.304"/>
  <testcase classname="com.dryrun.testcases.HomePageTest" name="verifyAdminmenuclick" time="12.095"/>
  <testcase classname="com.dryrun.base.BaseClass" name="@BeforeTest loadConfig" time="0.0">
    <ignored/>
  </testcase> <!-- @BeforeTest loadConfig -->
  <testcase classname="com.dryrun.base.BaseClass" name="@BeforeSuite beforeSuite" time="0.0">
    <ignored/>
  </testcase> <!-- @BeforeSuite beforeSuite -->
  <testcase classname="com.dryrun.testcases.HomePageTest" name="verifyadminmenutext" time="0.0">
    <ignored/>
  </testcase> <!-- verifyadminmenutext -->
  <testcase classname="com.dryrun.base.BaseClass" name="@BeforeTest loadConfig" time="0.0">
    <ignored/>
  </testcase> <!-- @BeforeTest loadConfig -->
  <testcase classname="com.dryrun.base.BaseClass" name="@BeforeSuite beforeSuite" time="0.0">
    <ignored/>
  </testcase> <!-- @BeforeSuite beforeSuite -->
  <testcase classname="com.dryrun.testcases.IndexPageTest" name="verifyLogo" time="0.0">
    <ignored/>
  </testcase> <!-- verifyLogo -->
  <testcase classname="com.dryrun.testcases.EndtoEndTest" name="EndtoEnd" time="0.0">
    <ignored/>
  </testcase> <!-- EndtoEnd -->
  <testcase classname="com.dryrun.testcases.IndexPageTest" name="verifyTitle" time="0.0">
    <ignored/>
  </testcase> <!-- verifyTitle -->
</testsuite> <!-- Sanity -->
