<?xml version="1.0" encoding="UTF-8"?>
<!-- Generated by org.testng.reporters.JUnitXMLReporter -->
<testsuite ignored="8" hostname="DESKTOP-QTB4BMV" failures="1" tests="6" name="Test_All" time="278.422" errors="0" timestamp="2024-12-09T14:41:24 IST">
  <testcase classname="dnata.admin.testcases.LoginPageTest" name="verifyLoginSuccess" time="14.114">
    <failure type="java.lang.AssertionError" message="expected [ADMIN] but found [dRS - ADMIN]">
      <![CDATA[java.lang.AssertionError: expected [ADMIN] but found [dRS - ADMIN]
at dnata.admin.testcases.LoginPageTest.verifyLoginSuccess(LoginPageTest.java:39)
at java.base/java.util.ArrayList.forEach(ArrayList.java:1597)
... Removed 31 stack frames]]>
    </failure>
  </testcase> <!-- verifyLoginSuccess -->
  <testcase classname="dnata.admin.testcases.HomePageTest" name="verifyOrgDetailsText" time="0.472"/>
  <testcase classname="dnata.admin.testcases.HomePageTest" name="verifyOrgDetailsParameters" time="5.32"/>
  <testcase classname="dnata.admin.testcases.HomePageTest" name="verifyCompanyListheadingText" time="1.609"/>
  <testcase classname="dnata.admin.testcases.CompanyListTest" name="verifyBranchCompanyCreation" time="123.108"/>
  <testcase classname="dnata.admin.testcases.CompanyListTest" name="verifyB2BCompanyCreation" time="122.044"/>
  <testcase classname="dnata.admin.base.BaseClass" name="@AfterTest closeApp" time="0.0">
    <ignored/>
  </testcase> <!-- @AfterTest closeApp -->
  <testcase classname="dnata.admin.base.BaseClass" name="@BeforeTest launchApp" time="0.0">
    <ignored/>
  </testcase> <!-- @BeforeTest launchApp -->
  <testcase classname="dnata.admin.base.BaseClass" name="@AfterSuite afterSuite" time="0.0">
    <ignored/>
  </testcase> <!-- @AfterSuite afterSuite -->
  <testcase classname="dnata.admin.base.BaseClass" name="@BeforeSuite loadConfig" time="0.0">
    <ignored/>
  </testcase> <!-- @BeforeSuite loadConfig -->
  <testcase classname="dnata.admin.base.BaseClass" name="@AfterTest closeApp" time="0.0">
    <ignored/>
  </testcase> <!-- @AfterTest closeApp -->
  <testcase classname="dnata.admin.base.BaseClass" name="@BeforeTest launchApp" time="0.0">
    <ignored/>
  </testcase> <!-- @BeforeTest launchApp -->
  <testcase classname="dnata.admin.base.BaseClass" name="@AfterSuite afterSuite" time="0.0">
    <ignored/>
  </testcase> <!-- @AfterSuite afterSuite -->
  <testcase classname="dnata.admin.base.BaseClass" name="@BeforeSuite loadConfig" time="0.0">
    <ignored/>
  </testcase> <!-- @BeforeSuite loadConfig -->
</testsuite> <!-- Test_All -->
