<?xml version="1.0" encoding="UTF-8"?>
<!-- Generated by org.testng.reporters.JUnitXMLReporter -->
<testsuite ignored="5" hostname="DESKTOP-2H0BP27" failures="0" tests="5" name="Test" time="60.153" errors="0" timestamp="2024-11-02T10:59:03 IST">
  <testcase classname="com.dryrun.testcases.HomePageTest" name="verifyadminmenutext" time="5.885"/>
  <testcase classname="com.dryrun.testcases.HomePageTest" name="verifyAdminmenuclick" time="15.405"/>
  <testcase classname="com.dryrun.testcases.IndexPageTest" name="verifyLogo" time="5.113"/>
  <testcase classname="com.dryrun.testcases.IndexPageTest" name="verifyTitle" time="5.042"/>
  <testcase classname="com.dryrun.testcases.IndexPageTest" name="verifySignIn" time="7.31"/>
  <testcase classname="com.dryrun.base.BaseClass" name="@BeforeTest loadConfig" time="0.0">
    <ignored/>
  </testcase> <!-- @BeforeTest loadConfig -->
  <testcase classname="com.dryrun.base.BaseClass" name="@BeforeSuite beforeSuite" time="0.0">
    <ignored/>
  </testcase> <!-- @BeforeSuite beforeSuite -->
  <testcase classname="com.dryrun.testcases.EndtoEndTest" name="EndtoEnd" time="0.0">
    <ignored/>
  </testcase> <!-- EndtoEnd -->
  <testcase classname="com.dryrun.base.BaseClass" name="@BeforeSuite beforeSuite" time="0.0">
    <ignored/>
  </testcase> <!-- @BeforeSuite beforeSuite -->
  <testcase classname="com.dryrun.base.BaseClass" name="@BeforeTest loadConfig" time="0.0">
    <ignored/>
  </testcase> <!-- @BeforeTest loadConfig -->
</testsuite> <!-- Test -->
